2 171 130 
4 259 39 241 61 
2 261 202 
5 156 117 195 223 182 
4 221 6 97 52 
2 24 109 
1 245 
2 216 298 
5 286 55 37 173 175 
3 79 282 139 
5 159 82 237 147 238 
4 136 45 176 274 
2 275 81 
2 44 255 
2 36 49 
5 127 16 196 141 132 
3 80 243 17 
5 4 27 235 35 78 
3 263 239 178 
4 21 106 120 186 
2 133 151 
2 125 250 
1 63 
2 38 264 
2 87 9 
3 224 126 183 
4 144 89 242 194 
3 161 204 228 
4 13 28 251 272 
3 108 278 149 
1 134 
2 220 158 
2 58 94 
6 56 244 11 12 215 123 
6 65 277 73 42 118 100 
1 294 
1 85 
5 234 128 177 76 270 
2 18 84 
4 129 217 271 170 
4 296 23 145 297 
3 249 31 77 
3 60 40 293 
3 276 201 279 
2 95 165 
2 137 236 
3 166 280 1 
5 213 209 199 69 169 
1 227 
6 62 188 64 207 155 66 
3 164 30 233 
2 210 190 
5 107 96 14 205 257 
5 150 70 112 154 229 
4 34 268 191 119 
5 273 253 48 248 206 
2 267 32 
4 290 269 25 152 
3 74 266 211 
2 225 181 
3 168 214 197 
3 299 157 114 
1 203 
2 7 5 
2 148 219 
2 72 252 
1 0 
3 91 22 240 
2 92 53 
3 187 83 231 
3 218 262 153 
4 200 102 50 138 
4 226 172 192 189 
1 33 
5 285 122 26 283 143 
2 232 160 
1 103 
5 212 124 115 59 46 
2 54 292 
2 75 287 
2 167 281 
6 110 174 111 90 265 208 
4 19 295 140 2 
1 15 
4 113 29 254 98 
4 246 86 71 247 
1 180 
3 260 131 43 
2 193 121 
5 88 185 3 93 67 
6 8 284 258 101 47 135 
3 116 222 288 
1 41 
2 179 10 
2 99 163 
3 184 230 68 
3 57 142 256 
6 162 146 291 20 51 104 
1 198 
2 105 289 
