17 6663 8783 8020 1778 9436 3919 676 7032 2150 752 6545 743 1131 8825 7676 5536 5874 
10 4601 5983 8394 6586 9715 3268 7485 9854 6477 6993 
27 29 3430 318 208 9537 5838 1422 5910 9822 9896 7770 4159 2909 8933 6682 9366 7130 1187 4501 1049 1249 2029 2427 4737 3427 7688 8939 
14 5192 6877 364 217 3374 6086 4917 5397 4081 1478 1085 13 108 1254 
24 4855 8711 4449 9789 8182 8598 8460 4106 7547 126 1519 3979 7419 8776 3523 1155 6145 270 925 2746 5095 4728 1473 4424 
18 445 5875 5332 4043 9278 4075 4251 9780 8061 1786 3684 3801 3864 2987 8501 7416 6032 9573 
11 2465 7188 3005 7471 8967 4447 932 9200 3627 3422 2326 
10 1097 4428 7677 5562 7610 5444 3520 9120 3126 9025 
27 9411 4511 1869 1240 4028 8194 39 2314 3155 8901 2 8064 9072 5167 2364 5852 7063 9422 6511 4146 9551 4864 9580 9005 869 4968 4186 
31 9563 7329 7406 128 2783 4101 241 1349 9177 7679 1431 6641 8134 4550 5519 5670 4407 7101 5420 5810 6679 4188 3551 7121 1851 632 192 4671 3488 7996 9650 
14 7013 9152 6298 9748 2876 5747 829 3318 1089 5275 44 6817 4811 1207 
29 3555 7435 7198 9633 6645 1294 2930 7777 2240 7931 3862 9319 7987 4628 7757 613 5384 2189 5396 2936 5035 8907 2267 9756 7992 5588 6022 8333 6533 
16 6541 2147 7226 5503 6480 578 8827 6883 7967 6642 6463 7184 5942 6177 7057 8106 
25 3371 7116 7546 1994 6567 881 8118 6013 5116 3507 3487 4947 3473 4454 2413 3630 8281 1007 3440 3324 9099 2594 901 12 4531 
26 9207 1142 9613 66 3513 4696 2924 883 5062 3606 692 5171 1286 7914 4280 6947 850 6869 9308 1928 8036 9622 944 3734 2287 8371 
19 4644 857 5201 216 5976 6366 7024 7788 2144 7646 3013 9966 5325 5974 9058 6933 5685 6250 86 
12 6961 5991 2420 335 2895 9883 1400 4240 7606 7977 9129 4554 
16 4829 3767 4135 1926 9239 9835 3511 1974 525 8522 6214 1462 504 3899 4691 1653 
27 24 5856 47 1430 7387 1455 1710 1299 4840 9302 9023 8755 2506 5072 149 1116 322 547 3234 4548 1274 9178 9773 4315 8613 7751 757 
28 541 9495 3557 2663 8379 9948 7169 6163 979 3584 1791 1876 6375 5472 8872 9894 693 5274 5271 2678 2257 8966 3109 4116 2490 7888 8411 3665 
22 4687 1530 7355 17 6858 510 2632 3674 8822 3242 1618 7584 1696 478 5110 7473 5928 1952 7136 6782 2786 8674 
14 4948 6771 982 422 9842 1631 775 2260 4278 2095 6344 2315 1844 8265 
9 222 2736 5316 2683 6045 3369 1191 8163 3664 
9 2176 9903 5643 764 4275 2604 2361 587 8980 
29 3030 8104 3779 6984 4615 704 5374 1160 8018 1643 7361 1348 9208 6921 2417 9994 5364 887 537 8325 600 3503 3526 5056 3280 7290 1848 8866 6080 
23 9393 7108 4965 4564 9838 3561 9001 947 5176 3285 1911 2154 2923 7720 9258 5492 6690 1661 3934 6330 7954 182 8301 
6 7227 2005 1127 2301 3702 4987 
31 4377 7927 6360 4050 5240 8079 9751 1346 8300 7715 9980 3505 6751 7624 3295 9155 8624 5582 4486 7935 8166 8141 1125 5589 7736 9041 3911 5972 2450 6212 3863 
13 6724 7325 3806 7780 312 8712 5775 3932 8515 4129 6136 5248 9536 
9 4066 5480 3516 3889 3604 2353 4189 1731 383 
26 8271 277 8835 6012 6729 646 9035 4384 4552 6882 5700 1176 538 5391 9460 6129 9588 8483 5752 8765 1161 9339 3886 1636 7374 8091 
12 8773 8819 4014 1061 5800 8114 1129 7869 5311 5964 8152 4277 
29 6361 2928 9286 9634 3537 2831 9546 5088 2360 6374 6746 1364 2048 2248 8416 2808 3894 7750 4033 5911 5919 3548 7526 324 8451 8707 204 4041 107 
17 273 7779 6452 6730 1741 8031 2947 3962 5512 7520 6945 9760 7181 9271 1295 7673 2457 
30 6843 6068 9602 7255 6474 354 4366 3482 7971 4907 8620 8993 7743 433 2062 7505 6829 1538 7328 5270 3144 5823 7027 3884 7029 1658 7395 1350 6461 2224 
17 4346 2536 9813 8309 9705 4411 569 1401 8474 2001 8633 7427 176 913 900 8089 2914 
19 622 4720 3783 4914 8176 6744 2892 1136 8495 5687 528 3076 7607 3303 3094 3456 3703 2100 8543 
21 8175 1838 739 4467 3292 9150 6415 2153 1307 1154 8242 1854 9021 9653 6351 1083 4193 9391 9909 6944 3780 
27 4379 6745 3338 8220 6156 1429 6930 4642 9141 6451 6064 9785 5026 7626 6975 3756 6763 2685 1654 2911 226 5392 323 5127 7836 1726 2210 
17 8890 4804 7273 4974 4754 3598 1890 6432 9413 9063 4577 1483 8423 6701 1662 9499 4185 
36 2949 4208 5746 9805 4686 1977 5422 1232 2661 1109 3203 7576 2525 4989 4236 30 5610 8688 9884 2580 4746 9739 8252 5007 8280 5696 6510 3385 5505 6878 5673 9007 7863 1095 3417 4197 
24 3055 6656 190 9473 2426 6765 3193 6833 8833 1042 1275 1296 4567 731 534 6117 7969 2582 9986 7268 9971 58 4649 4348 
17 1353 482 9549 7698 7034 4854 6971 6188 6367 2948 1785 2707 7478 8066 5354 2070 5159 
12 6831 7891 8192 8469 5570 451 4500 1594 5051 7964 9277 3346 
16 6424 8548 8198 6718 7554 665 3319 3054 708 4274 5770 4302 7712 959 8253 8622 
8 7468 4183 9343 9590 9217 6046 4303 4220 
7 9670 6951 5777 2167 3539 3264 2138 
23 1515 3104 4815 9757 2570 2600 1046 7808 40 934 2107 9379 8918 912 894 7904 9384 684 6124 4678 3240 9787 6521 
31 7109 381 2952 2900 4123 1152 3373 8869 5033 6562 5155 5140 2837 6444 4912 4878 1964 9348 1382 1035 1375 4579 9531 2890 7105 8046 8683 5362 2623 1966 2090 
23 563 2075 9992 8830 6684 8293 1308 4747 5016 3508 9269 5575 6948 7302 6588 4650 4945 6623 5784 9417 7739 1336 1084 
30 48 4794 2539 4088 2333 986 6896 8652 2702 1568 2468 3925 3550 4060 5981 3808 5986 8258 8390 2545 3419 1056 6651 6592 2870 8441 4994 8454 2114 2318 
23 9888 6912 3735 1433 3752 8871 8450 2309 8428 2526 740 5767 274 958 8010 1322 2010 9415 651 4563 4383 4759 3712 
16 7861 2296 1406 1852 6756 6338 3614 3130 5080 1388 3296 9750 7241 7756 1374 3310 
31 3239 7210 5295 5156 6584 8504 9604 2527 4792 3648 7829 6925 7341 7647 4988 800 4906 257 1370 5905 1092 4425 1268 7244 1760 7803 7617 8910 4735 6273 1510 
20 6228 1024 513 9869 9251 2414 1857 9572 8006 8221 4771 2158 3151 2779 1878 4760 9067 390 131 7215 
8 8102 1421 8088 1279 2689 4337 4795 7163 
28 1528 8459 7224 5626 2077 4652 9981 7010 2275 715 1944 6120 9474 8017 7566 3661 11 2218 5061 8725 1818 9848 1982 5877 5339 1577 3020 3559 
27 1664 8328 2649 6703 9180 1537 9647 4594 4068 7205 3847 6772 1720 3235 276 2398 6707 3391 8473 1836 5840 1144 2349 6074 2878 6569 1972 
28 1005 1773 2782 8219 4137 607 3940 9165 4477 516 215 202 2228 7065 4232 1235 7189 4460 4647 2500 9312 7031 7981 4229 1390 5883 2806 4778 
20 9216 5387 3199 1175 8609 2209 9234 1062 9346 5229 2723 5781 1506 1419 1903 421 8282 3871 9196 5476 
7 2576 2714 5541 6058 2982 2660 5294 
17 7913 4355 7274 8026 5386 4722 7542 4523 1017 9825 496 6328 1347 4427 8949 251 8865 
19 9752 3708 3186 618 3573 4489 7007 863 8264 3359 771 3142 6014 7385 6988 605 3787 4886 3656 
10 4525 7948 7317 6535 7261 7539 3287 7350 4305 5977 
30 4742 5205 989 5477 7382 9171 5628 1494 9505 4971 5526 8952 8883 7918 1012 1921 3404 8177 2139 515 9293 5196 5736 446 4676 5560 5657 8666 4901 8648 
23 7911 1908 3565 3420 761 3636 3169 8485 8542 9082 4853 4559 3262 1932 6859 5705 7841 8230 6285 3715 702 9747 431 
29 8086 3947 6475 8831 7759 7411 643 2407 7764 7830 6223 7149 1834 9355 4978 1850 9630 3397 1989 4262 5195 5789 1673 7056 3563 2968 5683 9024 2880 
14 5885 3758 7430 4405 1146 8294 3525 7500 2317 8457 4991 1216 9782 7783 
22 3444 7687 6123 9985 6764 6523 4485 7043 4006 3823 63 8117 2569 6524 7157 652 68 6317 9168 8925 5718 20 
29 268 1186 5428 8037 8806 3657 9652 8645 9611 3851 3271 9843 7807 5537 1310 7100 8593 4620 4000 8478 9034 6611 4287 4010 7681 2521 3671 9792 9215 
30 8703 5218 9128 9595 3017 3325 7816 9742 6677 2439 5442 7009 3595 1065 6205 2087 5577 9683 8567 4097 6847 8592 653 7038 2069 3162 4726 3322 443 4393 
20 9619 9090 8629 4635 9485 1792 2250 1910 9202 5866 8190 2173 9539 2866 5328 5897 7530 7310 2211 1599 
23 8406 6849 2963 9845 640 9712 4990 7068 2330 7822 9823 7726 3924 4698 3027 26 243 9798 4755 7242 229 1225 1403 
33 6466 8787 8302 4200 3632 4869 9681 8876 64 7118 189 2910 235 4515 6406 2740 1029 9941 2850 4993 7292 985 1572 6754 8427 4765 3769 6768 2625 7079 2628 1479 8519 
18 375 2440 656 4659 3958 8597 5579 8800 4397 8111 5518 7295 4757 4922 7540 9203 4556 6302 
27 719 2984 7282 2011 7729 9975 5995 5559 6290 1870 2017 8432 8360 4694 9594 5506 9488 2871 858 8322 5190 5438 8090 5395 6685 234 5798 
17 6039 1597 8361 2611 9686 8525 1025 2763 4719 2824 8626 4458 5048 1938 6955 4203 8375 
30 519 7293 6135 1276 5955 4658 660 7479 553 2809 7532 7817 7339 280 8148 9143 7806 8926 5268 9400 1053 8829 4438 8885 3485 4095 3273 8908 562 5749 
15 203 4369 3747 8471 4026 9009 7299 1321 9124 460 2704 4702 2098 2697 1377 
14 2828 4833 1995 3717 6903 2937 8523 6805 6243 1067 5839 2196 3041 1809 
27 372 7612 8573 4048 4128 9114 7021 7288 3011 7351 9943 4265 4535 7313 5805 5759 8041 5022 9126 9443 7776 6731 9243 9390 5269 8797 4841 
22 5881 8426 5425 2036 7190 102 3970 1864 286 2842 9238 5074 5256 9987 6059 5801 3428 7462 5379 6542 9049 6433 
8 6695 8965 5730 7506 6151 6981 3172 7537 
13 3442 502 6710 2470 9429 7256 1023 7945 7128 1712 8561 8139 4823 
29 3580 7186 9402 7846 2399 9575 32 9610 8642 9364 6331 2565 2397 9859 1541 285 3570 8291 5097 1622 4517 6801 3246 706 8964 9676 955 4242 4124 
15 9626 8376 9401 9105 4520 9821 9862 5000 9518 1361 6626 3504 8762 2908 4918 
30 1066 1414 726 9543 4920 6186 9492 4318 85 9381 5382 4776 7081 2054 5219 9701 1069 6056 3141 3266 4597 3960 6225 7291 5346 1107 911 3612 6093 3781 
27 1867 1883 9347 3368 9804 7253 5409 843 8296 7488 4111 8289 5532 1328 2501 90 5734 1525 6142 2995 7725 471 2692 4509 410 6148 8311 
28 8731 1637 965 3475 9314 9497 415 5824 2885 5998 2104 4426 8911 9462 2851 7728 4960 8905 2517 6568 1574 6487 2725 1379 2886 60 3140 70 
30 7928 7709 3294 4349 6352 3047 9457 3215 2602 5514 4147 7843 5302 2373 3154 4093 7588 7798 4902 2789 6528 6372 5980 3452 3581 3728 1849 5485 3378 4803 
30 9313 8557 6658 4935 6409 5291 7535 1168 8981 9639 4498 1981 9934 2089 3316 112 4044 4770 9403 9755 2524 6628 2030 3834 1440 5015 1354 3265 9454 5449 
33 3471 4885 2742 4154 4250 7685 832 8191 8695 1768 2174 6885 6103 6808 8767 3340 4992 1668 214 8931 5183 28 2785 2757 9591 404 4488 6867 1044 6335 9439 3914 5459 
27 6822 1194 7380 9273 7555 2192 5608 8659 402 4472 3121 543 9758 6712 2719 2903 6483 5568 6267 5416 7932 3198 1091 8781 9257 5661 9753 
26 8520 1970 6601 7548 7278 1968 8667 5567 3691 8312 4832 3173 586 4012 670 8649 8250 3736 1533 9802 5703 532 4418 1060 9061 2606 
30 2327 4233 601 5627 5495 6313 4331 6279 4857 1282 4314 5708 3450 8105 6292 67 4272 2237 5463 5585 9059 3517 7979 7053 8124 9069 2853 5460 7166 5592 
18 4435 2589 6740 5377 3842 5650 7386 5405 8953 3086 7835 6230 8677 8658 6448 7437 2564 6492 
24 2015 6048 896 7730 9156 6197 249 6416 4114 3031 5373 1905 6180 6812 628 6732 3350 3248 8467 7300 5791 3576 2252 8877 
16 9581 1803 2184 716 544 2498 1695 8399 3519 548 9032 7589 7307 6991 8226 8850 
28 3692 4084 9702 7785 6247 3685 4879 1391 7724 2921 4046 1045 8186 6036 8807 5039 4457 9480 7352 4626 8810 3955 3059 6759 8202 6489 5812 3014 
25 8179 2230 6420 5158 2653 7988 4924 2234 4499 3070 5092 9880 1435 5102 2344 4459 1740 5175 2405 7995 6827 8276 7813 5653 7985 
21 2356 1407 7465 5663 5054 2981 9624 5635 7659 8760 1924 9056 4368 4715 3389 9699 2371 8349 9253 7476 635 
30 7657 4984 8774 5017 8747 6969 5690 7448 5915 4653 2907 5105 7407 4456 133 3494 3416 5117 4442 9877 3237 815 3214 2873 8409 8455 4753 3533 2103 797 
32 8675 842 9306 8902 951 4656 6182 617 4605 3793 5702 6268 6333 3163 3776 5862 5052 7582 1463 9086 8887 4674 7155 5215 2331 7545 5916 8558 2795 9891 2888 3402 
16 2316 3276 2538 5189 3396 2305 1272 7492 3778 5298 2541 4030 2050 2747 7784 8123 
26 9409 1227 3257 9586 4940 6244 5260 2388 5021 7872 7793 387 8928 4453 4625 5992 9533 8199 2563 6318 5098 3087 1076 6007 5811 1003 
4 2418 3720 9048 7496 
18 2061 8458 3875 290 6739 8368 3818 9481 5899 2292 9566 4293 8788 4367 8269 1280 9552 8838 
6 7005 3527 3608 4420 7069 1718 
25 1335 6189 8803 7193 529 7019 1110 4775 550 6085 4378 1842 7285 42 4004 420 6175 8839 5412 8663 299 3637 1120 7035 8897 
31 8698 3891 720 7867 6392 2041 5656 8367 4713 178 3258 1930 893 7525 9221 8334 3536 7529 8621 5778 5019 7886 8845 5401 1623 3383 5119 8461 1708 630 1892 
14 2429 3291 688 4898 2793 1485 198 4573 2469 2637 488 5688 5065 2554 
33 1315 7455 1605 7180 3866 5699 3915 6615 6026 9033 5766 6956 2753 175 1016 6462 689 4264 3470 232 2955 9185 7552 414 2102 2003 9959 9437 1732 4580 9600 7138 4018 
19 1757 3333 9463 5282 2261 9130 4017 5553 9989 5930 5319 6295 7845 6976 6099 3872 7039 5926 9876 
19 2020 7156 5034 2425 4016 1201 6305 5830 5045 2072 2972 1096 8307 9085 6779 7990 1141 8429 9396 
28 117 4877 2512 6741 4673 9769 1723 4587 6705 8671 6719 5803 691 9655 382 7926 8491 384 3599 1265 9961 7973 1925 416 8619 3837 9567 3836 
15 4679 225 7096 9561 6659 9526 7592 6905 6515 6209 783 9296 7831 535 3069 
21 734 211 5679 137 6495 4979 3828 8270 2687 7591 868 4341 2701 5115 6500 4178 1080 2372 7955 7349 5825 
19 9305 3546 8979 2780 5712 3615 3038 4786 9763 5761 9455 1971 5594 3131 2855 7359 2165 9714 4662 
9 2313 9459 2194 2046 4861 8384 5202 3080 9938 
31 7119 6069 2635 4297 7232 9209 7916 9263 9075 711 7516 9882 6596 65 3293 5083 6423 4805 6308 6478 8015 363 8704 9807 7378 2347 7089 7828 5144 573 4269 
38 4214 945 3976 9965 4299 2112 7692 6280 9570 9265 7445 7697 9950 7167 4062 5372 3799 3231 7231 8218 8108 2268 2595 8049 261 8669 3844 2728 6637 7667 1829 3243 8818 4108 1575 8100 4908 4951 
11 2008 8323 1030 3510 1399 9197 3189 755 1367 7343 7825 
19 1993 3317 7446 3114 2751 9718 5552 801 6469 50 9389 8201 6791 5936 3998 5549 9615 747 7565 
29 961 817 9974 7086 9680 1729 3789 7364 1443 6476 5809 9219 3672 6240 1513 7560 6692 5925 3484 5068 6027 3545 8709 4956 4931 3819 6717 5731 4729 
29 5406 5089 1223 4703 6563 7092 4021 2613 8324 6946 1716 2630 355 395 8027 2713 5154 7262 6726 8974 2859 1262 7997 6936 2131 6872 7577 845 144 
16 9675 7020 8713 428 4558 3398 7682 5279 8968 1877 7487 1242 971 9898 9336 3984 
16 1776 5858 6239 7000 1460 6398 169 2473 9044 6303 8358 9745 5461 1788 7705 5790 
18 3307 7704 3603 9925 4036 7327 4831 7447 2027 5203 1894 5788 8295 8238 6702 4399 5896 9637 
14 219 3029 368 5284 3748 1034 4881 3438 4925 9732 2868 603 4022 4695 
6 6900 1252 8071 6107 1356 4054 
25 8640 789 5620 9064 9410 6570 3227 6491 459 5031 9790 9330 9407 639 4235 1289 7354 6709 4051 9893 4952 1360 140 3971 5198 
34 4078 4475 5818 3572 6536 9557 2000 8273 7191 2797 8585 3007 6987 8904 816 9734 9358 9542 8415 2749 914 3010 1901 8317 8623 4946 1329 5149 6050 5030 9525 1987 3128 667 
20 9979 7993 9144 9252 5675 4512 3352 3195 8003 6077 5448 344 8045 336 418 5142 1426 5894 5443 7133 
16 5324 109 4228 4029 2105 3364 1985 4588 3320 5327 1397 4751 6895 4392 6700 9771 
17 8518 3697 7117 1208 1416 4388 4430 9250 5258 8812 8914 681 2481 6520 522 5047 980 
31 2774 6159 4665 6245 3453 1215 9134 2434 244 5861 3974 4072 5133 8261 4009 8590 4487 8775 5651 3045 1165 9665 1780 3223 5277 132 3132 6725 1935 4310 9811 
30 2695 6485 8464 2651 1281 2979 2884 3867 7187 2612 1104 9667 3498 1470 4690 3182 1822 9029 9233 1671 5186 5607 727 4023 3023 8751 9794 6616 2993 7834 
32 5235 1323 400 2495 511 3502 2732 3098 9062 4045 821 5160 3895 6674 8099 8963 4701 153 6578 1666 1906 3706 5826 5940 4462 3423 5613 8130 5368 1570 4723 3987 
14 2559 8029 8274 615 1508 9872 9761 9737 4249 7075 389 4339 7568 1115 
25 5222 3176 3830 9353 3542 6357 2171 3905 6775 9779 9205 3101 4359 8992 9933 803 7012 5795 9173 1858 6394 7484 6057 4540 6348 
29 7229 1177 7337 7442 3732 6336 7762 3133 9553 2548 1264 7866 5527 8616 2213 6655 4067 8673 2950 2462 8946 7050 9468 4680 5207 3698 6445 3184 9354 
33 4090 1447 4260 8277 7648 8915 2338 6023 6251 6172 7761 8164 7515 8494 5804 6165 4549 2231 9237 9470 6798 5956 7047 4152 9616 4513 5223 5774 9814 1552 5130 9781 3238 
27 3025 9685 4255 7737 8772 3807 7203 9846 403 7066 8075 8945 6218 9659 1424 3992 9919 467 2068 116 8668 7893 9855 5078 3312 9921 8156 
28 9291 9666 6202 9104 9071 6643 177 9900 3429 7014 6850 5123 5630 6880 2561 4582 1567 2012 7838 9522 2974 5109 7851 1704 1484 5676 6051 4741 
27 4788 1313 1503 5351 8034 6638 4639 4709 5959 9106 6848 2722 1394 8692 4789 4730 5851 2381 2655 7396 9501 7469 2629 2219 6573 1619 790 
30 7849 8574 2031 3112 5433 4326 8243 659 8820 3211 7900 7384 2390 9292 6970 9113 9917 6862 3796 9363 9674 8336 7247 5414 2650 4434 6401 438 1064 5817 
32 9084 6654 2026 4661 7637 9696 8133 2825 2852 7643 1459 5550 3621 7414 6140 1612 3761 7142 129 7018 5728 8381 2494 2555 2493 3642 5873 1157 8837 4766 452 8636 
29 4495 3188 802 3594 6101 5287 2115 5009 3997 3673 5289 6437 9322 8721 4718 4669 4651 4038 5999 3449 7454 5739 470 3387 3081 2258 1659 5555 5544 
30 5902 8021 168 5711 1902 7276 120 7558 3901 8407 2156 8103 255 1914 5587 8549 2204 964 3353 2459 9587 4721 2775 7660 6358 221 2259 401 3224 7742 
13 672 1384 902 8207 2245 3116 3468 2320 379 1004 2241 3341 8332 
18 4494 9412 3381 6414 7735 7016 2197 6697 4745 2496 2858 207 4923 7625 8053 7983 1425 7002 
21 6277 696 1973 1861 2710 928 6083 3406 7708 449 4565 9318 9170 5850 5595 2149 2136 5889 2253 8232 749 
26 5381 8055 4910 212 6340 1239 3785 8263 7370 1008 3874 8502 8097 744 7538 4237 1058 7531 1072 8476 4419 9008 8132 5162 6311 4962 
25 6901 5971 2788 7379 2128 1220 8801 8237 3845 4667 3592 9998 1624 6552 8107 9386 7541 4505 2088 8972 8900 5623 4697 7183 7112 
33 9325 567 7512 8440 5347 2787 5674 4503 9232 2652 3930 833 7045 9584 3308 4443 366 3902 6629 4316 2768 6176 5722 6790 973 1548 7514 5454 4284 7204 3762 2940 8138 
28 6807 9544 9487 782 2731 3493 6618 8687 76 6386 8691 8446 484 5692 8540 7842 8749 2358 7265 6539 4963 8920 4631 220 2255 6278 4812 2822 
15 769 2106 8224 6749 4115 9065 942 5366 872 6720 5286 7767 2298 6112 5647 
13 8564 2422 3462 3108 3966 6076 2288 6236 5834 8235 6770 2113 2329 
28 4058 8024 5721 6425 7668 7438 444 5764 3394 7078 777 9136 2116 7570 2437 6436 6459 8969 201 7107 7201 3337 4239 6553 2064 762 1823 2659 
30 713 9820 2942 4537 1054 3833 4493 3315 1660 6757 8798 2164 7145 6389 8741 8136 9983 6824 6353 171 3399 1743 4621 1446 3917 4961 2342 5895 6019 3458 
26 6002 7114 4414 1002 8481 6138 8268 3339 683 8140 8545 4217 6396 72 3873 7072 972 185 3336 6256 5820 3019 371 5978 2185 4446 
10 4059 8484 7804 6320 7345 6126 2666 8340 3028 1327 
18 9020 2791 9255 8536 849 6196 6270 7171 5951 4328 7903 7267 9397 6042 1649 6105 1140 2055 
21 4309 2297 7940 4394 3079 1946 83 2765 2756 2256 4681 9181 441 1611 4333 1919 9365 2638 4983 4700 8216 
11 1563 4921 2622 5725 319 2607 6722 7809 2821 7968 391 
24 3457 5487 3354 8653 1496 6274 6589 7746 105 4089 254 3635 7298 6863 2978 2443 4351 7753 8162 1764 165 9887 6323 6073 
14 3629 7357 6164 8040 4629 8272 9928 6657 4104 8534 8553 6614 6349 9290 
33 5424 4387 4223 8462 4761 4396 2140 1587 1453 74 7873 8229 5907 93 5658 2504 2452 6926 1767 357 6167 6281 3455 4322 7976 8013 1358 654 5331 8255 705 9668 763 
16 5137 8973 1143 3553 9506 2004 7168 2816 2097 1103 9279 4375 5806 6844 5148 432 
26 311 475 4541 8804 8909 867 4638 9849 1402 7286 2532 5502 7195 983 3481 577 2199 7670 1936 269 746 7950 5735 2170 4445 7219 
12 2009 8227 7910 8570 362 2488 9922 3727 3415 3945 2321 5055 
27 5341 8290 4657 4024 952 4664 6067 2557 1071 3948 4473 6146 5625 3660 8584 2215 3935 3577 8347 4102 4684 7175 6400 3927 5828 644 5836 
25 7141 7230 3092 7243 8940 2654 1475 3646 9817 7691 2359 155 1444 4619 80 2499 7571 1616 9399 1366 9808 49 966 792 8211 
24 3168 4830 2741 8951 3205 3624 1302 2680 2025 9324 1934 3610 2063 581 5217 2354 2752 6037 6837 8634 8497 8468 8279 2152 
27 1269 3616 3051 8353 2640 3261 9812 8809 9687 819 793 3645 5353 8689 1094 4144 5966 1678 5355 7022 4216 4943 995 5138 1043 5659 3097 
21 7929 7287 3384 2132 1647 3366 1745 1942 4871 3146 7415 2191 2644 8779 125 4025 9489 712 9642 4996 6750 
14 3647 5336 9762 7752 7855 3497 1385 3301 2080 3950 9555 296 7008 9850 
11 568 1697 4011 7703 8196 3771 3153 3835 9309 4510 770 
28 2920 2424 3951 5510 135 856 6009 9392 4213 6727 1271 1692 1292 9270 2762 279 256 4919 8881 7942 2672 1648 885 5797 4896 1467 7051 9461 
11 489 3160 2957 5516 7662 252 7613 236 289 6365 8612 
7 394 892 3362 7483 7147 9977 2322 
33 157 4781 2123 1363 8554 506 9118 2771 709 2045 7837 7103 4031 281 7754 8988 2037 2042 776 6810 2341 8935 8387 7160 9323 2616 9414 6760 7390 6621 4363 8321 7489 
12 474 1512 8073 933 4953 5050 2160 8303 4230 7722 2337 5434 
28 583 6836 7870 3972 3433 5437 3790 2846 7392 8551 4121 6953 3137 2700 7076 701 9423 7377 8234 3822 7225 5177 6992 8012 8723 1380 1128 8948 
33 7499 7810 8586 6304 4630 3200 6742 8989 4481 1886 595 9952 5310 5933 3710 9192 7296 3474 7440 9225 1753 1682 2646 7852 5333 4738 4612 9791 2475 5726 6723 2902 7391 
16 8670 1999 2084 5729 6928 9350 7706 9017 6079 5418 4926 4151 3033 4416 579 4374 
16 5868 5572 8370 9944 2605 9735 6399 629 7513 8843 1960 4343 4329 4977 7154 3571 
33 6965 1689 8382 9382 2967 8575 9419 8298 7933 8062 5967 1338 2568 15 9376 946 2854 1761 4890 8841 7653 8680 7966 738 1183 124 1174 8405 5842 5531 5435 3035 6246 
10 8587 3170 3821 1206 8815 3174 8605 3923 4157 9507 
18 2720 8630 8158 6879 8143 9079 1770 9431 4053 8050 9605 9786 3171 7358 6964 4504 6065 2502 
34 5299 9649 5466 8351 3816 7683 5779 6261 9972 2076 5238 230 9054 9908 6983 4591 1471 6262 7046 3912 8060 7786 334 3897 5165 3730 625 2002 593 9606 3464 1185 7509 3110 
28 187 3236 5049 1326 8796 9949 5457 5557 4981 9800 1840 6821 4768 3282 6488 495 5763 1782 2739 1763 2155 4215 7083 648 1698 5407 5003 5398 
7 2519 7028 3202 9010 3349 2421 1052 
29 6913 9109 2178 6213 1862 3531 949 6907 6864 2383 5305 7132 6047 8748 3299 5357 3982 1719 1853 3091 7652 7480 3804 1205 7126 6761 8716 7878 8942 
31 580 6192 5686 8682 922 6216 4593 3439 7569 8510 1799 4125 3077 3267 6888 9103 695 8400 8470 8906 3256 5681 5524 2282 6555 3355 7336 4972 2133 5596 5760 
19 9913 9579 2648 7501 2935 3222 5704 8524 1629 1918 1670 2721 3000 4361 3084 5399 9690 56 2610 
17 700 7064 7874 5719 2754 5952 1182 6098 9222 599 7122 4797 3192 4859 4261 5616 5973 
13 7956 3049 3358 8954 814 3018 4524 604 1730 2487 9404 6959 7524 
14 2869 6884 6547 1222 8615 4070 3634 287 2120 7431 960 8180 7744 2836 
28 7318 8209 5744 4170 3910 1640 6000 4291 7208 3194 3181 5792 9478 5486 582 5340 8544 836 9092 3283 195 9688 4175 6371 5776 4474 7938 8943 
10 6689 19 8736 150 1550 476 2583 2730 5937 8874 
25 5086 3459 6307 4080 4666 6526 9127 5713 5962 3746 377 4824 6345 4566 680 6184 5104 9716 517 5793 2269 9154 3687 8959 7335 
10 1135 6704 9211 6691 5938 2575 6766 197 3298 6288 
29 3817 4583 9920 4003 2323 1762 6484 8493 9132 514 1248 1389 4470 576 6696 1814 9725 4817 5490 8732 205 1036 7304 3716 7826 8195 623 8607 7281 
13 8395 9935 7575 5639 8676 3004 5257 3943 75 3407 9210 1147 828 
11 5693 5027 245 3066 9512 2551 4099 9889 3669 9377 3185 
12 2247 7711 1192 9471 8875 291 5946 5912 5773 7946 7603 5599 
10 8292 3409 3424 1524 9289 3760 1362 7059 6470 8120 
15 4882 5698 9628 1843 2639 9135 300 5695 3451 4497 3499 6178 2346 6441 3965 
18 2944 1949 348 2857 8505 1790 8895 2272 1428 5004 3447 7094 6282 8805 6564 7233 3890 7937 
8 6418 8346 1655 3885 5234 5091 2794 3286 
26 2135 6139 1984 6752 6669 6220 6356 4139 7239 2693 2444 7865 3574 7363 8153 1145 7939 1976 5950 1615 6010 4142 6084 1086 3978 7611 
28 5860 2603 9385 5352 6647 8038 9741 7894 2179 1203 6104 7898 7949 1688 8383 4543 9142 9946 6667 4118 7023 2579 7338 9145 6693 1195 9123 2862 
37 6815 6529 3640 1625 9631 5888 6293 4872 7301 9496 5076 3859 5301 7305 2513 2601 2375 122 5191 9816 733 1314 8359 9967 1351 7124 7400 7449 4201 6841 4581 3226 1445 526 6417 3792 9608 
8 9187 8786 3083 210 2997 141 6544 3064 
31 610 5113 6206 199 596 8995 907 2386 1098 397 458 4834 4866 5878 8366 5664 151 4692 7790 1486 9218 9958 6490 4122 6687 1398 8386 3002 1813 5446 840 
23 1866 442 4733 3220 9375 7595 3165 6237 8244 6231 774 5314 991 7599 594 8753 6092 3658 9840 8364 3626 1408 3522 
34 8204 3989 2518 6141 6078 4371 2667 6082 7915 9623 6915 6800 8109 9420 1598 6443 8547 8764 8650 8299 3841 3437 500 5921 253 5754 7854 7844 4640 664 7348 662 1958 4296 
24 4008 7140 6493 6450 4207 1863 8035 1721 7275 2737 3443 5278 6605 6312 3277 4168 9428 999 4082 7218 598 1301 7228 3857 
28 9901 5060 481 6128 4613 2180 5344 4944 6426 9038 6211 4086 2882 103 5482 7521 6776 8362 6561 8771 3217 2195 4422 3302 4288 6153 1961 3042 
7 5716 658 9864 5815 4119 5441 4865 
28 4056 8823 1873 753 5375 9475 3952 876 4858 9268 1531 2901 3854 2804 7627 1320 9783 7853 3707 6219 4210 4191 9509 4448 5266 9294 302 8654 
11 6916 5213 5948 3208 8816 9954 4763 2491 899 4354 4308 
22 6670 498 6927 9276 5082 4415 4773 8159 9810 3625 8903 5032 4547 9148 213 1164 2965 2708 7439 7258 6499 8278 
22 2986 4693 7104 730 95 4410 9620 3879 3477 3117 4034 1523 4714 9370 7221 163 7630 2596 6908 1027 82 9614 
10 6044 5636 306 2734 9703 6390 8352 1641 9749 2408 
18 7463 666 6582 7271 350 624 7259 5715 6609 6339 7734 9372 1706 3431 3956 6918 7185 5707 
11 6780 9274 493 2856 2235 152 233 173 7353 2099 6514 
28 7957 5829 830 9182 3721 2578 5170 2270 2415 7498 3305 987 9000 2841 5210 5694 4569 6505 3832 2396 333 2242 8778 3820 7771 5867 5551 5753 
31 1724 166 9045 7572 1500 9819 9262 2706 9809 2867 118 2366 8212 7178 5262 4688 5872 4518 9083 4845 6617 5002 9091 3379 3412 7238 6577 2022 7332 3733 3633 
31 423 8213 6502 8435 874 69 5602 9477 8529 3345 1846 546 2906 4677 8239 575 9110 5786 4198 2834 4468 6509 4572 5762 7257 7593 5423 9648 2307 8174 8594 
13 6321 2489 5 5772 7596 4783 642 6890 1437 8267 2830 9568 2843 
33 3253 1013 1635 7631 6430 2207 9159 8560 4347 7316 7727 1198 275 3556 490 2694 5929 3241 5249 1714 9193 53 8738 1068 7371 4740 4514 2127 6310 8999 1680 1514 669 
26 8477 1784 8739 1260 7174 6222 2374 9694 9298 7266 5523 4899 1772 8067 4950 9708 1124 5128 7240 5947 7623 7518 411 7559 1285 8308 
16 2384 7860 3078 5168 4810 5157 7820 4165 2647 1244 5787 2094 7052 8503 8861 1293 
13 3693 9483 8318 8757 8417 7 2083 5121 1507 6193 5024 6096 9311 
8 3743 2718 3800 3944 4401 7833 7597 6322 
14 1178 6762 8990 6283 3247 584 6610 5634 8685 1801 480 4077 7951 758 
18 9550 2515 4353 8987 6806 7689 9778 9026 5350 7497 6636 7930 2553 2091 110 1713 7702 6434 
31 4150 9996 9559 1904 5012 7246 6639 156 5008 1947 2023 5329 4856 3213 5180 4290 7402 3738 154 2365 5590 2733 8305 673 1526 9332 1694 6482 2905 7814 729 
25 9140 1609 6029 267 633 8555 1937 8500 7422 4019 1603 6391 2670 1075 909 6522 1342 6325 8975 6935 5010 1540 3558 8777 8893 
16 6403 313 4555 1081 2395 7805 8610 508 8413 1259 9844 8051 2229 7587 8571 4049 
27 741 2079 1564 3022 3057 552 1181 9070 5847 21 10 9361 5583 2535 2205 1516 6486 6264 2186 6174 4166 4900 3179 3745 4484 9184 6291 
29 61 2748 1221 5212 9795 4409 8188 5576 1738 4969 5684 5394 5211 6038 5600 2861 3856 4903 3568 9704 4234 1769 7388 3662 7765 5884 6889 3652 3741 
15 2581 9231 6397 260 3331 2350 5645 2980 7925 4182 9398 9726 3941 4402 73 
24 7936 7152 8761 969 1051 6680 8661 8345 4357 4893 4562 6820 2148 7099 556 4732 8172 7517 6144 5609 8714 36 9775 8879 
27 6649 2690 7277 6652 4171 6380 369 7503 454 4074 9592 3967 1756 7879 6171 3913 5320 6286 941 8436 9119 3713 4192 7264 5745 9206 7989 
19 297 2904 8521 6634 8795 1079 9242 2377 7466 1101 2477 4301 5178 8625 8499 79 8802 148 1452 
21 6783 6110 7248 7085 5539 5263 292 8151 9833 524 3466 6319 694 7944 3161 7774 1126 7519 8611 6355 7953 
31 9283 7320 5006 3991 3602 2992 7494 4986 772 2187 4623 6106 1638 6898 4221 3757 2933 9444 9490 6234 8961 6130 6530 735 5468 4254 8443 1808 5272 5814 8260 
4 1040 4112 9927 5232 
29 9679 9046 9806 4225 4705 6446 3663 1487 3393 7812 352 6566 4496 6602 9571 997 877 1727 1824 4076 2485 787 8215 6227 2953 3063 2529 7481 5224 
25 4094 3197 4575 209 2896 4035 92 46 2126 2675 6081 5064 4734 4539 6235 7006 2438 1736 1411 1468 9448 2454 8365 9599 8275 
30 837 6735 7373 2464 7636 5701 9272 8058 3946 138 1787 536 2874 7222 3135 412 6866 3115 3152 8442 9597 94 8286 8315 6852 3954 1927 5348 5439 9387 
24 5161 661 7975 854 9527 1676 4532 5534 1748 4087 8627 1781 8437 22 9456 3881 3582 3001 888 5918 4967 2815 8572 4324 
32 2941 5237 8254 3840 2409 6580 4880 3623 3829 7234 121 6379 4787 9881 5380 134 8750 3763 5220 8068 9435 450 5796 1373 8944 5126 9115 5831 2976 8222 1202 3797 
20 6952 3138 457 3119 6989 6716 4163 8644 9264 2467 4937 970 5484 7340 7106 6600 2879 6368 6631 6534 
30 4842 7889 2681 1527 1518 9657 1667 992 5853 6422 7216 106 9027 8631 8072 6571 6873 8074 8115 634 262 1632 160 574 3125 7144 4298 51 1645 1898 
13 5598 6747 1100 6265 3938 4938 3232 9836 8028 6904 3225 4295 9878 
17 5018 7398 3067 332 5601 9068 4798 4838 5945 2222 1957 1270 1691 5961 3048 6934 4181 
28 9799 6150 3740 127 9458 3609 1979 52 7334 272 6134 6301 9157 5768 3356 2325 3300 9331 3878 7892 1404 9942 1549 5515 9956 4813 5077 7906 
17 3667 8978 5757 1580 7464 7848 227 4571 6091 6787 2820 6661 9932 2249 6828 1663 690 
17 8559 3826 1955 7602 6550 2927 6537 8737 1859 4528 5206 1333 2727 7084 7980 5669 316 
28 4839 1200 4404 3270 611 7209 2044 7315 9964 8023 897 4821 7594 953 3846 3216 1590 3212 8532 6431 1011 2283 347 3344 5542 6388 2202 4779 
19 7429 8447 3490 3605 9524 8110 3784 9731 4327 9133 4117 8033 1504 3476 1871 3454 6743 7972 7641 
29 1209 8262 2401 839 4020 7628 5584 4749 5837 462 5099 9482 3210 4711 936 1747 5385 7635 6854 7405 6289 309 5456 2894 6154 5832 1895 9601 4883 
26 8310 5808 8410 7934 572 7477 5426 1211 523 1639 7381 3753 4279 283 9867 3973 7461 8569 2619 3809 54 8684 9432 8507 3644 1837 
25 7088 4836 9897 2543 2969 7920 7490 2829 3127 2034 9826 2931 3963 866 5139 2994 6891 1953 5741 6315 954 5493 8913 6606 8717 
20 6263 1489 9267 533 1601 8155 2696 9684 4356 7457 6179 3157 9968 3463 3436 1967 9043 1501 6583 9146 
27 2531 1986 1491 5107 3993 1613 1644 7048 6121 7604 6865 5221 6769 2769 2636 754 3977 4997 78 9978 7590 6632 9174 393 9088 1153 4599 
27 9698 3129 655 507 4403 7135 9912 4584 1123 6622 1988 9709 5313 512 6773 7331 7897 6525 2378 3695 3600 5644 3922 9013 5044 1288 5150 
26 4586 5307 7882 3759 649 9228 2760 2766 3509 2863 6678 8284 6137 5558 3813 4915 6906 2047 340 2101 1703 631 1156 5037 3275 5545 
15 5769 3540 497 5069 7912 2665 374 1595 7453 6276 5118 264 784 143 2961 
29 3410 6786 5954 4202 1684 1693 3190 7856 3532 4270 1896 7794 8316 1417 7004 5880 2633 3 8169 1832 809 1690 6204 974 2162 9663 4492 6792 2096 
17 1794 3068 6922 7434 5371 5383 8697 745 570 9066 8769 5927 3175 3040 5410 8508 4641 
19 1560 7097 1686 380 990 9284 3694 9230 7368 3893 8958 288 1171 9664 9076 7639 7426 7202 6676 
19 9449 8412 3775 5622 3469 3044 3811 3782 6447 2546 6226 9661 4382 1026 8526 5618 3492 7214 8080 
26 8329 3918 2915 7372 419 119 4782 1102 494 1458 847 6161 1393 9724 9229 2299 6996 6006 7137 6429 7095 3926 5893 8389 831 5179 
7 7965 3245 7347 4365 5780 8888 5563 
21 677 3196 326 35 9037 1441 7642 8719 3639 9122 8002 2514 1811 4598 2363 4670 2962 7074 1149 8251 2145 
28 1888 8425 5990 9282 8588 6818 3906 8854 2482 7041 2745 4966 4227 4699 3981 5481 7680 2684 2142 3613 4218 8565 6543 2389 6229 2182 7251 926 
31 8708 3655 8848 7792 2455 9926 8146 2934 6575 9617 3530 6910 4634 929 1199 2345 1236 453 9080 8863 3567 855 1806 8734 5612 466 1607 8880 7283 1868 1213 
26 7401 699 6155 8784 1777 6886 6871 6893 8101 6832 9408 6094 3986 9722 2844 678 2308 9788 5288 2226 8005 6653 1172 879 5011 9711 
7 6412 9733 6851 4421 3105 2573 5312 
11 7716 8052 2860 7970 8859 8756 2188 8934 4542 1173 9759 
17 3607 5654 5369 5554 435 5593 1480 1476 8444 1922 3653 1798 1517 9719 2310 3931 4286 
21 3869 3773 4863 9042 4595 2954 7176 1831 7857 6699 1907 4073 9378 4964 3392 7782 3330 9957 8528 2615 2007 
15 2507 7249 4826 6454 9341 9710 1256 9019 9598 9047 5084 7170 5960 2550 2998 
24 8189 9636 1797 908 8160 8193 1255 6708 7077 1383 1217 4190 77 6714 3980 6224 8828 2872 3015 7959 1825 5499 2671 9198 
28 1900 9851 1121 7574 3375 8681 6034 9576 2355 3062 4756 4819 2977 3278 4335 5309 6556 4578 2433 7800 9865 6464 5363 1238 5432 5935 2764 2492 
28 3156 1170 328 5996 4109 4285 5892 2442 8546 2082 9240 9508 1317 3959 3593 6581 4590 9955 1277 361 184 5419 4252 571 9885 9931 307 9484 
17 6706 1492 5393 2293 4980 4064 3445 6512 853 3839 461 23 8472 1442 9465 7696 948 
27 1833 2436 9320 5025 7557 3583 6814 5043 7745 8245 9784 5042 7237 6513 6785 6774 4710 9697 6604 4982 8165 2294 7832 3158 9895 1258 7450 
14 6456 9815 2916 1106 6809 6272 1246 2549 8754 8985 8206 6194 2865 0 
21 585 4184 5507 5816 5662 1331 1746 7941 81 5914 4874 7871 539 8076 5326 6055 9201 6354 6005 8891 455 
8 3321 6937 8356 1795 7054 246 9467 9960 
8 6607 2881 9511 9116 5453 2304 1817 2814 
28 6031 9100 2394 9101 353 5782 1048 9837 8603 5462 7502 399 2945 9351 9583 2943 3446 9870 2560 798 1744 4271 6781 2929 2223 5264 4545 6300 
31 5717 9166 3579 5358 1734 9316 8157 4107 6173 8116 826 9151 8014 2121 4884 8746 6713 1396 5556 714 5389 5233 1291 875 6675 5863 1950 988 6599 6049 4390 
14 549 2074 7444 7960 8248 9730 1990 5546 4837 750 6166 265 8724 5296 
26 9976 1113 8892 8434 6021 5917 8112 4862 8665 9645 3750 7823 194 8492 889 3689 6660 9204 2699 2811 6028 7044 4180 7087 6715 5652 
26 8728 4648 409 8991 8128 8173 2368 1521 9516 2035 7143 6363 7220 7090 4092 5166 1229 8197 139 3376 3670 6624 4672 5467 9875 4530 
26 8962 3073 3554 4957 1884 9158 5193 1779 3798 3722 6857 9321 8960 2129 6540 589 4464 9727 3916 6990 1621 6666 8846 4015 3113 1633 
23 6381 2324 6199 5710 2118 7236 950 984 8742 2404 7456 9440 147 9288 9248 3754 1532 7508 8562 5188 2125 174 6665 
14 4637 1630 4437 3865 3403 975 9947 98 9179 7732 4344 4400 1376 9765 
23 1815 4352 2110 8486 9073 8339 9644 3323 5216 2990 4259 1945 8048 7839 3777 7721 45 5987 8084 6233 2750 6419 4005 
30 3549 477 2520 6711 5182 7884 161 4958 674 6672 4617 886 7573 3765 5134 4340 434 7326 7819 6778 8513 1885 7797 3244 8651 2772 8744 5671 4600 9999 
29 5934 5491 3329 9297 9625 6985 9923 8228 2362 1412 2966 425 1771 282 304 6982 614 5640 4809 386 3413 9235 5633 1214 5750 3254 1158 1495 3388 
9 9504 8512 7071 4936 6899 9338 9953 6011 8923 
8 5649 2264 7366 7383 7815 4465 3898 1118 
30 7040 3596 9452 5890 3512 1111 8445 5660 3124 9641 3228 8662 2796 862 7796 1681 8916 5073 4219 5529 1253 3178 9245 2367 3206 1542 5924 1881 479 2251 
28 5304 8832 718 9743 6538 2776 1250 6784 3622 8956 509 4224 4561 7148 4777 3999 5023 1395 1499 8986 7192 8304 4032 7821 2823 8398 3274 5404 
16 9847 7553 7768 284 4704 9564 7309 8694 2505 6737 9424 2898 2206 2989 6238 5147 
23 3281 6558 5500 8448 266 7922 8259 2119 3675 396 9028 9303 1709 2159 9554 7510 4632 9244 2567 7280 609 3711 807 
11 7952 864 6208 4450 1325 2290 3230 915 860 4199 7600 
18 554 2626 697 9030 977 1835 871 8851 8266 365 9433 8550 2021 7651 2024 9643 5561 2486 
18 8509 4455 6410 5621 3701 6024 1169 97 8998 3751 4852 6995 1298 8354 2617 5111 1793 8994 
28 8950 8489 1674 4196 565 3680 4205 1245 1352 7562 1589 2393 5569 463 7654 8125 1819 9534 242 1882 619 359 2334 162 3587 5989 3357 3367 
18 7070 4873 1010 4246 417 7710 5751 8094 1700 7629 8373 9160 7998 1283 1073 1130 7615 1956 
21 4307 3249 1251 1959 376 7263 6359 1297 6932 5451 1820 2086 2645 2370 6619 736 9767 7781 6823 5943 5478 
21 4098 9246 9078 4807 6498 8955 3082 6698 4636 5901 8150 8063 2051 7672 9447 5349 4461 748 4222 503 5573 
7 5445 2357 206 4482 895 8306 7376 
7 8578 6378 2599 7125 1266 2461 9740 
4 606 1997 2212 5513 
16 8878 9464 6648 9394 2790 1943 193 7474 130 1584 2052 9333 6974 2311 1789 7522 
26 1735 2899 5214 3544 2577 5135 5169 4433 2958 1392 5163 1448 6963 5411 5005 8004 9593 238 3150 2340 7583 6314 3306 721 781 4321 
12 7862 6062 993 5400 4195 5040 1464 6203 3547 8126 4608 3088 
22 1978 4624 1233 9951 1685 7847 7425 8782 9963 485 4800 5879 2057 5094 3328 2614 37 4682 8475 5984 5963 9914 
16 7270 6630 4784 2040 2402 5864 4096 4055 3714 8576 6846 859 1749 6249 9529 1284 
16 3564 4546 1090 9011 7690 378 2919 6597 6066 2406 2810 388 6102 9902 1450 5969 
16 5343 9556 6255 8348 7534 2220 1752 7614 8857 2835 8793 4155 7695 9342 5677 4325 
15 5335 1372 315 6804 9874 7312 4376 7579 6967 4744 2291 560 1561 4317 8000 
22 4894 8932 3024 41 7580 8856 3370 823 1263 7811 9612 9077 9226 3425 4892 4085 8007 2621 4204 2137 924 3824 
16 3988 5727 2641 6924 3601 5748 9349 3072 6442 7260 7723 7875 6590 3448 3074 6090 
10 3578 5247 561 9939 5565 8656 5904 1566 9162 7362 
21 9523 1593 9627 7876 6856 3036 2059 1565 1725 4247 1912 4282 4772 6830 6897 9547 186 5421 1167 7408 835 
24 2278 9087 530 8338 3411 3921 164 7840 7665 3904 9388 4113 4211 1461 8646 2729 3139 7718 6733 7177 2991 7330 2522 641 
25 1305 2523 825 3585 483 9190 100 8403 91 8970 967 7493 8743 2332 5464 4440 1031 6861 5785 5292 6940 3968 5597 3628 7760 
24 1543 4706 248 439 8766 8791 6402 1553 5994 3099 4828 8533 1368 9368 518 7394 8917 1933 1650 703 8927 7675 5378 2709 
13 4143 9052 2784 2975 3786 6327 4585 1319 7921 4187 6532 7961 2951 
22 9514 7864 6329 2006 6200 2382 2060 3435 1509 3770 4441 2453 3465 5317 2431 9828 7549 7917 1606 331 6860 9693 
5 5402 6377 2263 968 6960 
11 8184 3534 6728 3907 5958 9706 2478 4614 3700 5164 5067 
21 4618 9405 9852 6296 4867 5120 7172 9002 4544 7245 2802 4888 2108 1257 5564 8864 408 7194 9299 6253 6591 
17 9707 9012 6125 1 8937 8167 3290 294 5452 5001 9911 1330 865 4358 1591 7153 5975 
10 3090 3575 9768 4164 9890 9562 4141 1381 4389 8422 
16 7475 3651 7346 5250 880 7791 9879 7507 8811 6187 2956 940 5898 2038 158 2620 
13 7877 1874 6793 3269 8976 4851 686 3395 1535 8971 4176 2028 7482 
10 4758 3311 499 9541 8745 9163 9863 7978 9275 5979 
20 9256 8187 2033 6132 3524 2875 8638 2065 5709 6838 8326 1050 8127 4521 9416 9295 3920 6347 8392 923 
10 6160 200 5535 4875 8614 5187 5642 7684 905 8047 
7 768 3566 4764 2673 9186 1765 9530 
14 9003 6404 9137 6168 5771 2056 4065 938 6114 1188 698 8344 5908 2445 
18 6269 2566 935 1474 3418 7633 9089 1193 3085 4209 9300 2938 1656 4916 592 2109 6612 2430 
8 3855 5957 8093 1634 7284 1477 7486 9515 
18 113 4507 7686 5799 5124 636 5619 3314 1980 3772 4533 2715 3145 5475 9212 8729 7974 8330 
8 6198 8699 3541 4153 7323 9345 1529 9868 
21 303 1332 9191 1804 6842 9164 8042 2781 9678 6346 8860 5465 2122 6681 4406 2281 7389 5909 7674 2336 5059 
13 6252 5913 2556 6962 5041 1592 3221 9247 1783 278 8817 6608 7025 
19 7399 1860 8715 7638 6942 3666 1627 559 7344 1415 9074 1679 7749 3372 1715 1810 9607 3501 1626 
11 3696 2480 7984 8401 6909 9441 1875 1466 4266 612 7909 
22 5970 5615 627 9830 5566 4973 9199 8030 3122 4244 8288 3421 6839 2319 9006 3039 4330 1337 4212 4312 2175 7773 
5 2917 1228 873 5417 4646 
11 5245 1963 7994 4930 8938 6593 6248 2246 2959 5470 9824 
20 1138 2166 3461 9469 5920 8059 7663 8785 7769 799 4689 2400 3251 6116 4660 9183 8997 5733 3521 8596 
10 957 7082 4194 1267 3795 2352 6825 3729 9621 3491 
15 6633 7319 6003 1628 4806 8530 5267 1369 3434 5100 2558 1117 7080 8693 1555 
18 3103 4959 608 9744 6966 5036 9195 9357 7037 5835 8826 4263 4942 9213 6326 5259 732 2939 
12 1273 271 4502 2216 3414 4643 4607 1436 5844 7907 9031 6190 
2 9121 8727 
17 3008 448 8085 1913 5241 930 4130 4398 3896 5632 7564 9167 9754 7620 4985 1371 8824 
7 8758 1845 4063 8996 6548 6306 492 
9 2883 8792 7196 7113 5603 7197 4654 2479 2758 
13 3167 6875 2973 9254 846 7211 1733 7342 7778 8257 9632 5101 1159 
12 88 7129 7451 2335 2717 7924 808 9574 2151 8431 3201 1000 
7 5440 8449 5285 956 8419 3936 7678 
17 1879 7666 5668 146 5724 7134 542 4491 2043 890 6683 3075 3597 6181 4323 9682 6686 
17 7640 5112 6053 5732 1465 9538 645 9466 159 8984 3843 9438 1197 4802 4675 8814 1339 
17 5300 6662 2642 2497 9871 7883 6119 6133 4913 8780 5070 1041 405 8601 6043 356 2528 
22 2571 9406 9503 7102 7787 2799 8236 671 2217 1311 7150 1539 9328 320 7164 4248 7755 1420 2631 3351 8129 7581 
7 2432 3147 6297 2547 2534 6157 5226 
2 3654 6753 
16 6767 6473 5303 2999 1324 9858 8617 4105 6041 5306 724 6920 7091 8516 9498 4471 
17 6694 9691 3263 7567 172 9018 8421 8882 921 6460 9729 3731 3432 8511 4685 1702 4941 
12 8840 6455 2198 6413 9450 330 531 2385 1511 3326 7693 2053 
10 5497 1438 2838 5517 8285 6316 5511 5678 5228 4027 
15 8342 7314 8637 1755 1365 4256 9962 8214 1872 6999 1179 5323 1166 9479 6527 
14 7799 8203 2657 1830 9654 5783 4007 6089 3949 6902 342 6868 7403 2887 
8 55 3334 8868 8768 3802 1355 3102 1880 
17 6115 1651 780 2181 7901 2817 8378 4724 3909 1891 2078 8705 5122 7062 806 6061 5071 
13 920 2233 6004 1218 2537 1386 2686 657 115 6587 8506 1774 9287 
11 84 8149 3990 3849 5540 57 6438 1557 9138 2343 5903 
12 1992 5227 2711 5887 5756 9832 7162 767 5941 4939 3496 8563 
7 2735 2738 3148 7428 4848 3739 2591 
12 3149 1588 5090 6503 4645 8595 4300 6579 1309 5356 4206 1855 
8 4071 6794 5359 4717 9337 6816 2960 6517 
6 2912 8566 3426 3191 9738 7110 
4 1105 4245 751 5982 
8 8420 5743 2143 2511 9640 3058 3026 4887 
13 7561 4536 6457 7585 3050 4602 4372 2585 6407 1583 5014 7207 4796 
