33 2098 8404 3405 9238 3281 5875 7356 8377 4044 8004 3784 1269 1849 1861 5329 831 9177 5577 1391 9734 2110 4054 9480 1757 5469 5743 9146 8742 7524 4664 9615 9580 2107 
27 5798 9688 8983 7485 2064 1609 1694 5509 3315 7199 4814 3740 4534 7103 7225 4372 7624 8208 4173 5190 3163 2376 2491 5261 2819 4820 9423 
25 6669 4392 6600 5632 2195 9752 4005 1604 2129 6522 4145 204 1960 5162 7388 7682 3700 5076 3113 8684 8113 312 2427 6573 4890 
17 3516 5030 7606 2874 7219 8693 1256 6914 2062 5027 4761 9729 9830 3650 3089 4707 7947 
32 9738 9157 2813 3921 9592 8833 8072 8178 3001 9394 760 6097 6697 3743 1319 3147 9135 3759 585 7171 5731 1977 5614 4894 8030 4283 6560 3141 8880 3072 9163 7820 
31 1111 5130 1896 5334 9806 3346 5925 36 9990 8642 4520 8894 9300 428 673 4288 8124 9673 5746 1840 5755 444 1652 1230 1510 7627 1949 4012 5728 2844 6311 
23 5876 3855 5298 3050 6125 81 1487 2744 560 6025 6082 7712 7258 8489 7622 4470 1584 7057 9574 7954 3994 2896 6371 
22 4661 9447 6347 7793 9811 653 5436 1689 664 8621 3884 8626 3248 3414 1043 3052 4731 3165 2454 7319 9403 4188 
24 8849 4650 8438 1124 1644 9546 4350 9753 1352 7146 984 8498 9513 3419 8411 9691 1869 4008 5527 6447 3589 7997 4977 1363 
33 5371 3179 3177 8954 8281 1412 1004 9006 6847 995 161 9092 2076 5689 3241 9458 6182 7346 5214 6545 5493 5733 9341 155 146 2553 6139 4733 5615 6408 6916 205 5736 
18 3875 862 8286 1600 6313 1042 5201 7491 3888 4198 8188 4783 4681 2400 119 6810 5674 1199 
30 9601 1030 839 6231 4415 3442 4165 7022 3777 1307 620 2522 3484 8008 2948 6757 3896 6104 5841 7333 2696 3964 9086 8789 4908 4042 4517 8077 1015 6755 
26 6440 416 5895 9790 9745 9795 484 2403 9870 5277 7097 3801 4244 3359 4648 1450 9162 8612 1438 2905 10 7666 1449 2737 2925 4605 
24 5919 4759 5396 1354 5343 5592 6191 5664 8630 8362 7053 1117 985 1232 1912 1183 6661 9572 1254 6577 641 5685 8402 2249 
22 5832 9756 2 7870 9989 2771 7278 6547 7405 3654 8993 7812 313 5964 2656 7949 2589 5943 7943 6771 8928 1484 
19 102 9764 7581 4573 4313 2280 6856 5304 7423 3495 649 7231 912 1624 3655 9082 2731 8132 9982 
24 6229 6488 2000 3149 1855 605 4673 5302 2590 8943 39 3454 2148 5332 2686 2404 4098 5230 369 7434 5753 7892 614 9724 
25 6198 5325 9304 3462 6563 2144 3731 6519 1770 1657 6944 6063 8149 9483 5627 5573 5381 7360 4150 4584 344 6169 9003 7764 7921 
25 9159 9054 2633 3380 6481 6746 8727 9044 1622 4519 6674 1885 4414 1613 2231 4541 2592 9693 3140 7904 1072 7967 8902 6704 447 
28 7653 6888 8890 2746 3949 2410 6584 7032 7009 2416 1483 5048 3458 7700 5187 7433 9473 9516 5893 3189 2392 8179 2282 6022 7154 9805 3601 2504 
27 295 7496 5942 5675 9459 540 7279 7488 5390 8441 7142 194 157 4471 8882 8942 7385 2625 6140 104 3689 8323 948 3008 8683 3555 7207 
25 4114 8128 5583 3679 6936 3126 5497 8686 2235 1353 5540 3657 758 6851 4970 2484 398 9479 6254 7505 3111 4020 9517 1027 2016 
27 1711 811 6664 5153 1197 9520 3411 9315 5584 7811 2122 6954 7924 5880 4453 7964 9294 3394 8380 9639 818 634 8695 8979 2834 4257 5486 
35 6261 3075 5388 3693 8080 8717 3907 2346 3804 6990 5596 4387 2021 4575 670 4500 363 7268 5412 997 4266 140 3685 6712 6023 8930 7749 6602 1017 4907 7411 6013 5466 2850 3504 
30 7427 5557 8432 5528 896 7416 7519 7769 1612 5348 6007 9153 7955 5791 4417 8675 1122 4492 8837 4836 5357 7832 6193 4206 728 2159 6858 9924 2215 8268 
32 671 4349 4807 8592 8875 8624 3430 7835 8122 1724 1880 4002 1405 4430 683 6298 3585 2283 7206 3714 9009 3864 2987 3910 12 6762 3985 7729 3826 2007 7049 9478 
23 660 9561 4878 5209 6292 6212 9495 7038 4638 5530 3546 1914 2739 1068 8732 8291 3718 9028 6913 7055 3311 4998 8548 
19 1753 5908 8781 8547 1080 6361 5976 881 1389 223 3728 4554 2190 5932 5873 5342 5285 3188 592 
27 3511 8977 3099 1756 1465 7603 4082 3318 2258 1996 7117 2331 642 7989 1084 7716 1355 5892 8923 661 3081 2214 3664 2380 7533 9481 7364 
31 6042 6668 9820 9019 7295 4123 785 3755 4858 7379 1299 2310 5802 9412 5963 5972 5752 9122 388 9525 6387 342 3900 3206 7140 4613 8596 6776 4586 7537 2288 
25 4506 7487 7367 5724 1257 4393 6866 6409 7950 4223 5768 8135 4845 2224 8041 9269 2787 3338 8275 6840 9167 18 2712 5928 5227 
28 5835 8394 9850 7015 928 460 2752 9629 5360 9781 2937 8723 4559 7135 7043 5093 1494 95 8960 5295 8321 840 6828 2170 8792 9650 2561 4690 
38 7426 5673 9443 405 314 4951 7894 4824 6410 9115 2126 1007 5407 5055 3603 2408 2080 6137 713 7126 1231 1702 4301 9386 4225 3874 7311 9013 4912 9508 2732 5408 4320 2862 2088 2911 8583 1993 
27 7148 773 5245 9073 1985 7668 792 466 5808 99 3616 2757 4886 9088 7571 6081 5364 3087 9306 6986 3066 6920 8409 7174 9188 825 9860 
32 3902 8431 2614 5313 2057 2840 679 9172 3095 8436 2631 2111 3013 7353 9426 3594 8156 3638 5853 1649 3564 6645 1982 9514 2883 8542 2626 7463 8187 9544 8265 5707 
41 8858 4830 4662 4066 5503 7402 3612 1267 1276 3537 9540 320 541 9240 689 987 3955 2825 4428 5874 1552 6624 3437 6453 1832 52 716 7425 4572 4861 6682 9005 2458 1514 5184 3478 3351 8660 7934 9255 5666 
33 1959 7760 1595 8386 1805 736 6234 6177 1515 7054 4734 1802 9327 5568 7876 5781 5279 3065 210 7515 5539 9711 7669 6825 2669 3224 9001 9828 8959 4714 4963 1596 6172 
32 2586 27 3505 9787 6155 2736 4607 6211 8865 8050 6359 9648 9437 584 5347 1935 8722 6601 1621 4637 1403 2650 9271 770 1877 4490 2938 192 2776 9847 1508 6207 
26 7633 3128 2152 9606 6030 684 5166 3541 8532 2984 4011 2683 7586 1706 5662 7630 8333 8444 4209 9198 9124 1181 6181 1235 4871 6246 
40 333 6154 182 5997 8829 8006 8913 3644 0 4452 7660 4931 8912 1301 4726 8391 6171 7466 4564 1172 2842 9233 4148 318 4934 4085 905 4439 3600 1334 7451 4620 2619 6534 77 5950 3092 950 6806 7756 
25 3190 7969 3954 9590 3242 9407 851 1944 9725 177 1871 5900 4158 2867 5327 1908 8335 3839 2092 6728 3753 2508 5586 5033 7652 
24 6845 9692 286 8406 9052 9384 3367 6464 8368 7028 6192 1453 5924 5692 9929 6775 72 3967 4854 8181 3924 9259 9680 7796 
27 601 5967 1285 6623 1862 8445 899 9356 8454 4550 6559 2243 3402 71 9068 8759 7848 7064 9239 3788 3995 5882 6203 9152 3285 7215 3595 
40 7138 7132 90 7251 9219 294 3722 1750 7944 5506 2207 3791 5064 1023 1698 5219 7948 5716 5191 9507 4232 9387 2660 1216 9511 1884 6346 6126 8738 8951 8685 3510 262 5813 5937 6012 1615 3957 9330 9768 
34 3423 9887 1924 2599 8282 3410 1264 6322 8651 343 6221 3335 1585 8512 189 680 3941 8129 8139 7932 2227 4860 5061 6401 2764 3990 9176 4326 4108 4984 3468 282 1503 2155 
39 8786 9951 1520 5696 2430 4983 7406 2301 7800 2097 7267 4823 1919 8956 9769 3317 3393 178 557 9609 2300 1887 335 6336 1286 9920 9807 9171 7945 4569 6774 1718 5569 427 9894 8060 3645 9786 8618 
30 2922 957 7175 4989 8083 9980 7086 1592 7866 83 8562 7377 4952 6882 8482 4623 4023 5139 9105 8570 1200 3447 6911 2328 2848 2999 340 5698 2781 3530 
29 8598 8565 5472 6003 659 4629 5797 1344 2679 943 2960 6069 2760 7068 6462 1828 2564 7314 4853 7241 8457 2621 366 6080 7551 9579 3451 6883 5635 
34 6423 2803 1556 8017 4909 9515 2992 1093 8239 3997 4527 4958 8944 6138 8859 7645 1524 7370 9081 5909 382 6247 2641 8059 8104 5234 9637 6532 439 3583 2357 8501 371 4625 
24 9058 2648 4797 457 7707 2147 5714 971 8790 996 8581 8518 5838 648 7387 1320 8035 2833 5306 8279 490 2829 4635 7264 
26 6428 8073 1421 6794 435 4589 4194 2624 1039 9760 2219 4610 8336 9487 8571 9985 1252 8127 2612 2927 3930 9143 6068 1727 5915 6051 
29 3831 7380 6699 3746 3291 7407 8047 5818 527 2314 263 1789 847 1324 4744 1041 3133 2856 5445 5091 7810 6052 769 2915 3769 6061 4875 8909 6787 
21 6599 4980 3628 4994 6992 2604 9123 572 7981 7373 3566 1992 2277 269 5217 3498 7583 1270 8240 9643 7540 
17 7609 5595 1037 3150 1758 8277 7286 1639 184 7561 603 2171 8601 6991 6127 5283 1018 
28 3353 5706 9494 6979 4444 9499 5951 3298 6773 2044 709 8332 7893 917 2889 955 7808 6689 9530 8705 6852 8014 3257 752 5538 8306 7477 4674 
28 5959 1573 8568 1062 7014 7335 2769 9636 1380 3347 589 1245 6160 790 6220 6644 5422 6938 7095 6984 3613 2248 6490 2523 4643 9404 7911 6202 
22 9189 552 2232 4782 8294 9677 4617 9002 2845 3096 5842 4482 1578 599 8280 137 4267 8606 6673 8941 9918 5723 
24 7828 8896 8523 3027 1051 4219 4529 6566 4221 4545 8486 9270 2955 1406 5015 628 2800 3401 2741 1346 148 3097 8622 5536 
31 9284 6425 1250 9937 740 3079 1998 4356 1485 8876 8974 5297 986 5073 1879 522 153 8217 7085 7736 7501 6583 978 7121 1705 2516 953 6217 8879 4712 5987 
30 681 4469 9194 328 2855 1410 9836 8594 216 2687 3984 3429 5045 4460 4547 4157 9359 9430 9681 7479 1379 4709 5089 464 3208 6709 990 8228 4962 6898 
36 7782 3384 8339 502 3518 5400 1241 4248 2770 1904 7675 2142 4640 4325 5502 4652 2924 3035 1838 2424 8796 8422 669 4434 633 3261 7710 4778 4333 9503 7480 5120 6782 5359 1682 547 
37 3236 6657 7185 185 8488 1411 8005 1620 3532 8603 9889 5904 4857 3892 4021 2913 9497 115 3251 8038 8223 611 4033 3820 4738 5773 1065 6923 7818 6636 2065 6251 8081 2385 1150 3334 2480 
30 42 625 3260 477 4195 9391 6731 7464 5704 2009 7596 6375 1461 4094 2333 3776 8839 3973 5363 267 607 1874 9074 6637 5543 7424 6142 5561 7559 2388 
33 3440 2711 8383 1060 6640 8481 5181 8765 7149 9762 5253 261 1011 4130 84 2355 5830 4423 1856 1927 9567 5415 5288 3397 2486 399 6818 448 7837 5562 6179 9343 75 
25 4760 2198 9498 3503 2069 6278 8937 5167 9485 5822 3254 7651 3794 7925 4443 2972 536 9017 244 3445 4772 6943 2105 224 2661 
24 4768 8468 5740 4091 7648 8261 5117 1562 9909 2838 6437 1433 6460 8558 7325 5676 5888 6903 2374 6103 6335 8032 9576 1404 
30 2993 5984 3312 1499 5585 7482 9241 8828 4630 8316 9979 6582 4212 6406 6353 6124 5672 4868 5043 705 1748 3077 6108 7306 9524 1518 9041 4698 9558 5453 
31 9988 3209 8152 4568 6890 5794 7244 2140 2815 5424 8154 4889 6296 6344 8318 9087 7108 5479 5056 2700 7819 7469 2566 316 1974 3352 2667 2054 6435 2630 9741 
34 962 5645 8669 7230 2239 9565 8897 499 2983 5975 597 5068 5601 8153 6552 6878 4371 2315 8028 6628 3085 2899 2453 6054 6020 7646 4928 4675 2778 7617 9320 5256 7805 1911 
30 2863 4447 3878 7481 2756 555 9055 2644 5850 5376 6163 4489 6098 6809 844 2077 6518 8702 3222 8419 454 4330 6937 5264 6477 5025 5358 6702 172 3345 
31 1577 9417 2777 4046 678 4639 8679 2238 9975 3904 6854 3156 6037 4262 2028 8213 5096 9821 2740 6965 5186 5544 1699 351 8510 88 4798 3014 4580 556 1875 
35 5465 3782 1768 2051 5251 9773 8711 2622 7761 8862 4047 7771 7928 9372 2790 8639 7792 4317 7238 8355 8190 3129 613 786 622 1782 9879 6694 6926 7073 3542 1287 5231 8916 2291 
39 175 5524 5535 553 1983 6655 667 3950 9754 1198 1009 9439 8022 2247 5434 8289 4873 2019 7809 2967 8109 8148 1664 2287 2708 8667 5331 5393 7879 7713 7544 6506 2881 8105 8290 2349 7608 5681 7907 
36 2600 8372 3720 7946 6729 2005 4006 4777 7790 791 2920 5916 5759 2409 5105 1121 8602 7352 6813 2699 6763 838 2369 2185 449 2697 6962 4654 7168 122 2964 1957 651 2493 5410 4789 
39 2234 8492 6778 4458 2305 3306 9268 8615 2401 4817 8257 6328 7743 8917 546 636 8721 55 2675 4943 3576 6403 5806 7217 1190 6199 4725 4491 2733 1478 8342 2875 3712 5380 7453 453 3148 451 1766 
32 2717 8740 7864 6516 3122 3667 8569 8577 6562 4017 4612 249 3028 4839 2034 180 3433 6604 2861 9234 6641 1513 8748 8449 9539 1731 8045 856 1316 3083 578 2530 
37 9475 8085 1942 9589 7475 4917 2141 9097 4730 3558 3195 4190 5074 5355 4396 6666 4062 9842 3863 3670 3490 5854 8814 4743 6450 9564 5531 1645 7366 3842 2211 4973 2572 3161 2969 6952 3082 
29 4473 1824 1468 5771 61 6382 434 4697 1138 8012 6267 5035 4732 618 8720 6839 2665 4663 410 4927 9633 860 8776 4058 8589 6498 6732 6843 233 
24 9488 3937 5721 8885 462 8320 5435 4395 2027 6651 7076 2877 8390 805 6345 5075 7500 6886 6109 7978 9607 6647 5690 8799 
33 9053 377 1271 4175 8791 8264 4348 9090 3825 4988 2255 5770 2685 8538 2977 9389 1504 6380 6226 8764 4787 535 1850 776 5141 5665 7457 7517 6495 8070 3080 9556 4678 
20 3216 7042 3373 7528 7988 1306 2179 9173 1215 8106 8115 1401 9024 9893 5567 3376 6964 3296 6118 4038 
22 9581 4501 7985 7598 2337 8352 3730 6176 4368 8242 2568 3552 5123 8643 2112 7826 9965 7562 1930 7747 8314 4171 
25 4967 7636 7442 4910 6113 9263 4358 9675 6015 2558 143 6968 5799 1343 7686 2476 5155 3586 8088 9020 8058 2866 1881 7741 6625 
32 9049 2414 2847 6578 1067 1818 6961 6767 3917 5670 4055 6329 8655 5382 4833 1647 7672 3553 5737 6111 222 6400 4261 7874 8354 1658 8427 714 235 8392 7887 5885 
7 7080 6543 7421 5947 5340 742 7940 
31 9106 1260 5542 7327 7891 901 3770 4521 9231 4864 4825 5579 7321 58 5718 1457 5268 9553 8138 4606 6458 4920 1318 5624 9201 6324 7604 8935 4981 3308 5844 
26 5046 5966 7458 8745 5308 6822 7513 720 3194 3011 9414 3806 9528 646 3007 1569 9298 7303 1811 1576 1474 7478 4680 9071 5717 3570 
22 9435 9594 1143 5082 2058 6411 8968 4431 2857 2520 9262 4404 8692 6608 5088 6355 2046 1594 4138 9710 5747 3697 
36 7318 1415 8934 6765 6925 6275 1776 6444 6280 606 4828 6553 5235 3176 9274 2654 5856 4204 5352 2121 5691 5840 9922 6034 1922 8508 932 3909 621 2514 574 368 5621 7153 2623 6575 
29 719 4949 3259 8460 8322 9289 848 8238 5028 4822 4243 1799 6145 8137 8254 9547 7081 9587 481 5980 7632 5194 6004 4154 9638 4913 4352 5365 4361 
38 6340 3827 5608 5475 5206 8118 1700 7865 3019 319 3103 8001 1883 6690 7942 2943 2052 1654 5989 7027 2402 246 3761 2579 2729 1978 5812 5391 5711 1071 6821 5845 7841 9782 5470 4821 2338 6479 
24 2209 7566 3575 1192 69 2965 2036 7621 7620 3514 7310 1598 2216 9070 268 8359 5558 9398 3474 5897 9882 6088 4184 6491 
35 6638 3701 5237 1325 779 2775 8933 5323 2334 1555 5397 8628 4945 6707 6814 564 1070 8866 7133 9746 6373 3843 1528 8209 242 4296 3135 7602 5985 4228 7386 4811 869 2791 7368 
41 187 1846 3533 2365 6871 5574 2166 2218 73 8754 9803 3326 7296 1735 1329 933 1436 5839 1853 1451 9290 3853 4027 9427 7040 6958 1823 1164 5788 8357 2934 9318 1447 2483 3438 1281 4995 5032 2959 951 3818 
32 4172 4805 6497 5136 1704 220 9504 4486 6902 141 9554 358 400 9368 3246 1091 6908 861 5135 7779 9046 3125 3255 4806 6383 8021 737 4615 509 1798 8114 8395 
33 4764 1359 5914 4870 6036 6057 2470 9500 5869 7740 9672 5132 9923 1726 3211 4378 6223 3928 8900 7495 4972 748 9193 8433 2884 1995 8747 8994 3196 8416 9452 6598 8465 
30 577 6770 1330 5156 6756 794 4193 3215 2989 9921 753 9116 6581 6993 4511 9552 2348 7102 999 4051 2309 8587 549 3357 9210 9221 396 5092 5970 5738 
34 6603 6720 9378 9397 1151 9059 4004 8469 9317 5474 9871 334 116 8278 8509 7696 9091 4277 9252 4406 3999 8656 2688 4939 151 6047 8522 2718 2510 4512 7362 8898 6441 647 
33 691 1660 994 5653 191 5462 9884 2767 2323 1300 1160 4273 9583 2547 1708 1548 1002 3795 8334 9185 1392 6119 8196 6476 7285 772 3768 4563 9379 8160 2810 711 4659 
29 9180 7313 4922 4632 4067 5210 7450 1435 9862 5106 8604 4092 1176 729 5104 6365 6323 4740 7591 3046 4202 8016 1984 6165 206 2336 4841 7261 9346 
17 6613 8698 4474 281 6379 5693 3033 3802 8476 9260 5600 1661 1458 5378 6900 6031 6091 
26 9155 7030 2241 6461 3630 8513 9761 9777 1236 9040 8034 5651 1400 3597 3624 4810 4729 2383 692 2269 4411 3457 2904 2441 6511 5255 
29 6507 4166 7031 9227 4318 1822 4249 9974 238 6676 3439 7525 6454 8842 8883 7558 3109 5145 9950 7618 1378 4196 7413 480 9474 3218 2431 8819 5921 
49 6781 6557 5944 1691 34 7922 6474 3268 3 2343 7383 1217 7974 4795 4597 3513 2613 3185 878 3277 3058 6927 2859 8066 2551 4551 245 7124 8401 1720 7350 1563 3666 5684 8102 9342 4407 2203 4026 4384 5280 1638 966 3857 1690 6173 3634 2149 8311 
38 1666 8561 1364 4944 5310 7232 3680 7691 745 7441 6550 5278 5100 9634 1290 7328 2643 5395 6206 6780 8371 337 7271 4493 5923 1335 1814 4024 3676 1443 4936 7164 9904 8918 8412 1212 8670 960 
29 1434 7545 4259 6869 6874 8541 3675 1083 2183 6989 4990 9501 4578 1963 7859 3370 3574 650 8491 2602 5563 8301 1369 8374 8539 7655 7471 2497 9138 
33 8044 7720 5881 3696 1913 2429 1854 6994 8263 8389 685 3158 3813 9035 7312 9455 7088 9712 3213 6768 3960 9846 162 6316 1841 8955 2393 1305 9023 6029 3931 503 3386 
34 9670 3288 8207 656 7120 2940 1809 3396 2085 5949 7430 489 675 7755 4900 7401 3565 3199 2730 4226 1413 5652 3325 9432 4285 1357 9649 2317 897 7658 5946 8002 4964 6627 
27 8854 612 5756 2836 2482 2169 793 5183 8211 7709 3835 4201 521 822 2606 6915 1763 8495 6777 44 8803 9947 6798 2268 3024 4940 4916 
23 3145 7449 734 8309 1439 6432 3043 7189 7079 6087 5929 5656 6196 1481 6241 2597 1061 8788 2807 2556 8631 5392 6614 
26 2921 8049 5867 1238 1368 6615 9338 4446 893 1852 3608 6367 3923 1761 6996 2326 7564 5248 3088 1565 5034 3029 315 2907 3829 1921 
22 6056 2146 1893 5218 1174 22 2477 8728 4723 2945 1780 7023 8056 5335 8809 4121 5039 5337 8736 5513 8009 6588 
33 3233 3025 3681 336 2971 6620 4386 1725 4289 3108 2445 8480 3790 608 1394 8473 6372 707 4102 8382 520 876 7048 5702 6011 5196 1939 240 8750 3168 8487 6279 419 
21 3425 3968 5566 3898 7842 9531 6800 6033 5420 6291 1774 5594 2432 583 1940 6144 5339 9399 1506 5240 7917 
30 8103 7794 817 6910 4009 4867 5525 4553 4025 6675 9178 2320 2802 4032 9280 4669 3344 6530 1469 7155 6963 9653 7959 7797 1605 7920 8451 5050 3021 1445 
25 2636 9591 5020 9678 5058 2096 7896 3830 380 266 6523 5142 5384 5059 2577 6706 2226 3927 8029 355 9597 2580 2073 9841 1397 
18 4960 4757 7359 3110 9012 3461 998 5642 1 3184 1509 9438 4268 3872 2386 1954 5823 7414 
33 1566 3324 5109 4834 9096 8108 5303 3170 8274 6567 3487 373 3280 2011 1825 2178 1915 2780 92 2292 1341 5212 6443 2131 5620 3526 3998 1022 5712 4354 9349 7063 6422 
31 3363 1788 159 9957 4390 3618 5580 4377 3192 1839 3912 2919 7815 5440 1460 3982 3174 1244 9877 6306 1161 3023 5521 6761 7396 2093 638 497 4954 1323 3540 
35 9168 6214 8399 915 1014 5855 443 15 1095 704 6105 5863 4015 3040 6369 2435 3887 7824 7983 1988 567 5198 4113 6009 5628 7262 7389 7714 7711 3717 3779 2119 7806 2936 6164 
24 8980 6294 3302 4286 221 2001 9203 1188 4448 7233 7831 7265 7909 4164 9465 4498 9083 346 885 5276 1916 7470 3808 9154 
24 2417 5952 7351 9721 3443 1222 7869 5843 3144 391 2629 9529 4657 6612 6024 1416 8168 8674 3935 4626 7322 283 6656 6148 
26 2652 548 4503 9352 7116 5783 813 545 4835 5152 1142 4883 3945 4203 6831 293 6517 5180 5764 218 6660 2501 1851 2719 697 63 
23 2851 3198 4796 2693 3694 1926 2768 8191 8552 2276 2818 3543 7118 6945 1892 5519 2193 2475 1050 8360 7996 1627 6014 
32 4077 9506 1681 2024 1994 147 2680 9994 1081 413 8284 6471 7557 6930 5487 7447 9875 8822 6107 7193 757 1989 5785 6799 8576 5819 8219 4339 4685 5988 7341 9577 
26 1965 528 6826 7369 1525 1895 1248 7257 4774 2539 7300 1147 895 4855 6100 5971 8975 303 7476 1806 8112 1812 5275 5002 8887 3399 
29 8057 2297 2890 9382 8992 1076 2359 6727 630 1322 9183 8506 4885 230 4929 5070 5083 9651 4081 1721 7681 7626 1195 1950 7255 7092 1646 6769 8555 
24 5588 6151 2048 6027 9393 1603 6385 594 2725 609 9381 2982 494 9551 7226 8069 29 1966 9582 730 9971 6974 1791 3767 
36 9822 7698 8949 3295 9428 4887 9537 6427 2853 3821 9660 409 5293 3166 2055 4921 9654 5428 6429 8185 6749 6006 96 5026 7836 1625 9521 3178 1633 6077 8146 8516 5593 8582 467 1739 
25 7662 2830 5837 1038 2554 1024 7579 2339 513 3528 2738 6236 6277 2457 7875 532 4344 228 7298 6156 1383 9701 7160 4061 5065 
30 934 3581 3551 6610 1746 498 6864 9079 7575 8410 5170 4524 8641 8874 3398 8358 7284 3407 359 6725 8537 3337 5111 329 4721 3381 3580 4014 7272 4131 
21 7937 7699 6445 6995 9571 2274 871 4579 832 8384 1146 6321 8990 8529 2692 7676 3031 5328 5257 9354 7260 
23 7590 7704 2384 8950 5226 3774 9420 7131 3507 4633 3799 9469 461 5816 8563 8521 506 50 8779 5386 2444 6542 4901 
22 3636 1752 9826 5658 7147 7408 6703 1034 4992 8826 1223 9763 8901 4624 8965 2478 6327 9765 8744 5877 126 7534 
37 9351 1833 4170 6959 2858 9128 2506 5244 1923 795 8991 1593 7110 3678 9126 5687 6185 1986 1899 7939 5292 6378 6670 7184 8276 3869 8116 6789 6896 8719 7452 9433 8682 3138 3366 6240 4965 
26 1785 9960 2765 1125 1040 5069 6092 7020 5066 4001 4069 7751 6738 4028 2935 6433 3358 7101 8811 2537 2749 9045 1105 212 6301 3116 
30 8544 8227 4996 8797 9891 4622 8439 158 5478 9121 134 80 3934 7304 7062 9056 9448 6338 7212 9630 7897 6 652 8981 7930 3197 9987 4556 819 4644 
29 445 3781 7650 4093 7878 6820 4844 9247 6976 8989 6253 4160 6895 2237 5154 1471 2259 3466 8795 9631 3943 1937 1943 3274 8731 1399 6680 2296 7502 
15 4119 6257 2242 9490 2743 9326 4525 1225 6349 1953 7687 5571 41 8225 6055 
35 1999 9460 8971 5852 5451 3132 700 2872 7196 2727 302 325 9534 9156 3473 3621 9944 5099 3969 4849 6089 3070 6289 2177 5660 3459 892 3354 4682 7966 7850 2585 9296 9527 9418 
30 156 2091 9940 5669 6748 1554 6073 7637 5682 7910 3212 2882 2581 2462 5394 2299 4812 3245 6285 8785 1703 7862 5922 1586 8846 5870 5548 8585 4422 5779 
36 4322 874 7516 9984 8540 780 3164 9462 4278 9955 3205 1074 6210 8815 9228 1321 4749 125 6418 4843 2792 6381 1157 6158 284 8075 5981 9813 3752 6431 9100 9555 2956 900 4331 7527 
27 2672 7639 6683 3772 3992 6876 7541 2843 4542 7190 8131 9728 239 3094 1456 3895 1376 7685 9859 699 1479 4631 9759 9934 7050 3048 9307 
12 8709 4258 4737 3567 7266 8485 9620 1543 5729 6235 1946 8964 
47 7576 8472 4433 6200 9075 273 8697 7180 949 8500 5315 2525 7390 5012 1872 6531 6609 972 1000 5169 8616 2066 5974 198 1968 8329 6448 5956 1918 645 5174 1632 8199 6734 9429 5414 4029 2438 8428 2360 9953 1209 6929 2189 1672 8216 202 
27 306 565 1207 1870 339 5833 1137 1535 6075 1876 6120 8303 2898 1844 658 6095 8467 2377 6489 7619 4741 7683 7090 575 287 6865 4978 
34 2772 352 9868 8678 5511 5115 8381 690 4487 5406 5969 2175 3785 5514 1444 6846 2130 1156 17 8171 100 3569 3395 727 1902 708 11 8308 5787 9018 6135 124 4576 4329 
30 6950 1066 3903 9139 8766 4309 3272 5296 6186 6740 5983 1589 3131 7404 855 4139 6863 2490 4159 1159 4007 6194 6290 7902 3800 8218 3970 6157 7178 7326 
34 9321 1204 2583 4621 6744 7748 4341 6872 5603 7884 5330 5581 2251 2527 8373 6180 2485 297 5810 8868 5087 2443 2784 8302 1786 1981 6503 3041 796 7029 8743 2957 9827 3642 
39 3117 5703 3856 8143 2252 9027 4495 8634 8201 8920 9880 6436 1519 6715 3637 3797 1889 9993 7282 1618 7459 9588 7763 4328 2312 9103 5131 463 8098 7825 8806 9108 4336 9034 251 9113 3074 537 2894 
32 666 6889 2860 9907 2873 5499 4672 4185 4229 7455 8794 8296 394 9250 8915 7114 7033 5003 6792 424 807 9775 6917 823 3084 3841 1538 7807 1550 8784 5320 7162 
26 9832 9328 3496 2785 6595 2524 6299 6218 219 8466 8258 886 8611 5828 3686 1249 2464 8550 2200 6050 8054 7211 7594 4485 1500 735 
34 2038 3169 8927 1140 4 5182 4192 2176 6287 9780 741 5405 5137 2495 225 3893 1553 9959 3463 4109 6521 3639 8226 3485 1090 8600 5995 2162 5765 4695 7885 9431 6804 4087 
29 9925 5516 4710 2101 1282 5857 7201 883 1012 8253 9664 6310 6115 9736 7702 8283 2407 3193 2839 2164 3773 5754 1945 7302 898 9523 2962 4459 1333 
33 8172 750 5545 5534 4942 2637 6978 252 9442 1792 6412 9793 8446 2617 4477 815 3250 8370 4509 3293 4842 7 9205 3988 5430 65 6189 824 6830 7165 1990 2611 5517 
31 3873 3860 1745 5968 4655 6421 8421 5796 1414 8442 365 9182 1219 8413 3568 7431 3525 4815 7546 101 4187 25 4416 3157 4479 8244 7089 3202 1001 3529 1778 
28 1408 1764 1186 2557 276 60 4053 941 5177 3243 1671 3925 4281 3055 3981 2761 2759 1054 7888 6909 8192 7119 9148 3796 5526 2008 3101 2565 
31 3592 8039 5529 5247 2003 7742 5680 2295 7299 6167 9939 5439 87 5661 1695 5905 4599 5817 406 5504 7058 8051 14 324 6045 7403 3823 2285 6797 9094 5638 
28 7759 3460 7694 6363 5333 2395 6016 3587 4880 1193 2511 3989 8511 5701 9628 5200 799 2500 3054 9996 3978 7829 8064 7565 1979 459 197 2990 
24 2758 7179 170 8293 7605 9704 292 9906 2900 5063 6174 2645 9008 5485 5001 756 4595 9512 1384 7289 7553 7839 2786 7577 
35 9145 5370 5801 8952 1152 1123 1575 4567 8564 8609 3314 3435 8666 7549 1847 6836 9060 3897 9647 744 7635 5708 864 201 3294 7252 4255 9900 806 4947 1464 4552 8236 3517 969 
28 9215 544 5612 768 4096 4874 3018 9658 2947 7462 9482 9964 6018 6457 4829 278 3939 4826 1202 5719 7734 1790 2618 7730 3652 8317 8180 6405 
22 327 8246 9755 4896 3267 4703 7308 9800 559 5356 2653 2447 7292 9671 801 1684 6528 9532 7567 4036 186 4526 
29 5954 8183 1807 450 6935 3659 1588 9825 393 9864 4472 2513 7863 3817 3846 3449 4343 213 4776 8429 5605 3217 2222 9062 1843 2812 4367 2306 2507 
35 2603 8299 8364 8205 7235 5889 6093 7929 357 571 7679 167 6099 106 8627 6114 4602 965 3963 5758 3662 4106 1033 9345 8524 2347 3538 4531 4688 6867 47 166 7631 5178 9873 
21 4616 5049 4754 4068 747 7253 7728 6622 9848 7317 8036 1064 7195 2421 828 9069 6041 8305 7900 9838 3232 
32 8424 9440 3247 3201 9129 8924 6616 8251 1759 1797 6510 9287 8650 3063 7725 3684 4280 8688 4070 9266 4670 6549 5623 5449 8126 7523 2721 9208 6901 31 4237 4461 
40 7851 6891 2517 2713 4397 128 1860 4156 7715 163 9350 2917 2722 6860 5023 3078 6183 2184 7056 3609 4276 981 5622 8461 2133 7961 8379 46 4269 1234 5004 9744 8690 5009 1237 3547 9912 6159 561 6906 
41 8551 3991 3476 8872 1558 8250 3114 9456 3619 3625 2499 2289 3234 3320 1096 8145 2262 8345 3382 4128 6426 9390 802 418 8773 945 6116 4427 8344 2340 7440 7644 5582 566 7518 2571 103 3226 5042 2804 2518 
29 152 9038 8654 3051 8503 3698 6509 7158 2439 3090 150 980 5998 7560 6386 6735 3723 7778 9209 7889 9867 8212 9357 8430 2422 6784 3406 3349 1268 
26 4804 4937 6580 4076 7061 6295 5878 4457 8904 4647 1092 2474 644 7785 7429 7288 6072 1906 7823 5164 2831 6122 8229 3355 9991 6038 
23 835 3562 3704 1608 4784 375 8266 964 3556 1836 5496 5071 1104 6953 8519 4035 5495 483 5871 3673 9486 4105 7521 
32 7136 3877 1424 1339 563 2352 6766 8970 615 1749 2763 2891 2124 5290 9739 7509 9367 7363 2256 6977 226 2690 4987 5735 5824 6593 732 1454 4353 4097 7775 2367 
26 1386 6796 8903 1278 5416 1203 7338 3130 1020 59 510 8908 2753 2108 4220 2002 3593 3627 6053 6305 6988 5678 8619 6149 2879 4747 
32 1808 7183 9732 1863 1059 8751 5726 8673 9533 8249 6849 3356 5782 8925 2056 958 1537 5205 4706 9928 154 2932 9114 5814 4403 9063 7125 20 4895 3956 655 7722 
35 2182 2933 3867 5483 4200 397 9302 7412 2541 8013 1226 9110 7082 7873 4284 8455 6010 4294 3269 7739 9796 9264 193 6884 2321 1338 8331 2240 6723 8633 4850 7601 1800 4540 8636 
26 2139 5213 8297 26 3987 906 2535 4250 7176 9147 6618 5619 6750 7045 4132 3695 8007 8871 1783 7378 1272 2128 2127 9603 7490 5016 
36 654 5195 5476 1100 3953 2212 2137 9915 4282 6286 3715 4334 9370 8963 4421 5505 9717 5419 3885 5554 4399 4837 438 2871 7535 2180 5607 1162 4000 3483 6751 8535 4877 8987 5859 2994 
25 5634 4794 4088 3501 1205 1590 2304 422 7612 1498 733 1057 3432 7428 2988 7093 3549 8312 9878 2709 7968 2031 7474 6639 1177 
32 701 7613 3665 5846 4507 3044 3763 9273 4903 132 7349 1032 6256 529 9216 1650 5761 3003 3441 5114 4230 1488 3602 3263 9566 8405 195 9291 2329 9444 6842 8351 
25 9340 4671 5613 3911 9322 2609 2762 2233 3262 9617 7758 9047 7438 2208 9000 4508 9843 5933 7827 1110 880 9277 5459 2716 6496 
23 3922 2156 5898 3914 1560 4667 5800 4676 6565 1047 2245 3805 3244 3749 4537 9849 8739 1108 8953 8484 7817 3279 98 
29 8725 6819 9224 3764 33 4089 6331 8477 907 9618 109 4603 4167 4146 4955 1973 2270 307 4211 7420 1251 6642 160 2588 8763 1279 5907 7156 24 
32 2849 1035 5149 1491 7979 9785 404 4084 5051 6485 5744 6500 6634 7872 7227 8812 3683 4095 7614 5906 7247 9400 5236 4609 364 814 9065 2533 3938 2594 9410 9700 
43 2805 7642 9662 9257 5751 5128 3735 1715 5138 5274 2961 2601 7105 3364 7767 9857 2705 6368 1972 2657 3944 8761 7587 1536 7803 6334 4557 1581 6678 6232 7640 2172 8676 142 8531 455 3614 5936 8068 6008 2481 4881 2436 
33 7320 5354 1831 846 4400 3702 1961 1283 5126 9329 74 5146 9339 5523 2370 8337 2390 9050 379 6064 8340 3115 3725 6467 4505 7342 9698 2828 8011 145 2371 6017 411 
19 9413 6791 3482 49 5553 8936 7992 3275 7239 250 3865 3330 1747 1097 9824 3378 7963 657 6067 
24 2995 4303 7918 1398 5258 5945 2489 7531 5281 3798 4215 2811 9098 8757 2174 921 3862 723 9977 4039 2668 7908 9770 2084 
36 6933 2996 5938 2013 1441 4323 5079 3151 3647 9084 2542 7291 1516 9526 7334 2188 2397 4696 6701 8255 1523 3342 7786 8557 8474 105 4271 5110 2275 2448 2345 3901 8167 1099 4539 694 
29 2734 2086 698 4765 2573 3582 3331 5520 6912 1229 5695 1736 5013 759 5778 2827 2742 797 3980 1827 7339 1628 4979 4608 8712 8165 6881 8514 9109 
39 3491 8579 9213 1842 2353 5448 5705 5229 9235 290 6268 4679 9815 353 4591 3563 5265 8348 1517 1173 9276 9405 2271 8608 3690 3032 9305 3699 8838 8243 7717 4287 616 3760 677 8298 1367 3375 6216 
29 45 3104 7096 4169 1909 3836 6779 5637 3486 7393 2797 7592 1767 133 1642 1135 1063 361 9197 2658 3814 5239 4310 2488 6571 9972 2751 6325 8110 
35 7914 1512 6671 8125 5197 8134 2042 7323 8176 590 1865 4642 4435 1929 5993 3377 5606 5346 6837 9598 775 5447 6695 1058 6568 1381 4848 1297 632 5560 9713 5559 4592 9383 6955 
36 2440 4236 551 3579 6463 8052 6005 4030 5353 3905 8687 8988 7409 7037 2100 9983 310 8665 1280 3920 7069 3971 1910 2022 7582 8825 9519 6391 542 9536 7857 8940 9022 3940 4619 8037 
27 993 1437 3258 5564 1779 4587 2677 6341 3480 2194 425 5861 1532 5547 947 5477 3102 7127 2362 8525 7657 2434 5996 3918 5007 8096 4275 
27 8097 7787 9685 9956 4715 7381 8649 2562 974 5036 123 3368 4986 4161 5072 6841 8175 9119 7912 8703 579 9313 9331 5221 2197 7616 8637 
31 1769 256 2479 530 9425 2318 1610 7745 6824 4997 3850 3515 778 8248 8775 6508 8886 6414 7656 9810 8614 9981 7410 8259 8580 4253 3561 121 5549 2213 2659 
32 6975 9408 5940 6718 5307 9242 236 3803 9619 5301 1120 2260 4375 5018 1003 4410 7344 512 5775 9757 5643 8921 1619 7600 9004 1263 4735 9687 5948 1665 8696 7456 
30 9714 6956 6982 7011 3620 3238 1777 2039 1683 6918 3273 3134 2817 2951 1088 9471 3056 5060 7208 2460 401 4536 3739 1878 3112 2104 7508 6397 1313 8387 
21 9872 4060 6258 6117 9416 8418 2569 970 420 1493 8976 3975 7941 4191 7732 6870 6934 9493 5992 1328 9686 
21 4611 1938 9727 7708 702 968 9095 7845 7773 243 4831 6175 6861 9624 9730 6788 5625 5626 7444 9036 8632 
30 7674 5077 487 2459 7177 4628 4252 6710 3300 2158 1882 9457 6300 9949 9436 3105 3228 539 507 272 5866 469 3002 8772 2109 4705 1470 2691 4291 5926 
22 8407 6062 5492 6556 8575 1302 6263 7243 3771 6873 2043 1611 2246 6967 591 6465 6076 3239 8241 5734 2143 6947 
31 4189 1539 4050 5148 5887 3500 525 2799 6357 7209 7071 8878 4456 3834 5611 6143 3807 782 8864 922 7757 4080 903 2364 4946 2886 5103 1273 944 4859 5140 
16 3016 9136 1370 4515 7007 7005 918 5095 1496 6302 7143 7762 2750 1722 1987 8922 
31 3249 6152 8166 1139 8778 6112 4692 4315 9851 8483 1545 5121 5597 8369 7213 1044 1796 2010 2015 9021 4043 8186 9401 9663 3230 7987 5657 4548 3472 9192 1154 
22 2265 4535 421 4408 1420 1676 1082 2835 8499 9917 9575 5767 3599 471 8269 631 761 890 6805 9613 1211 4585 
26 8346 3651 6470 4247 925 4292 1643 7345 301 3416 5417 1530 9453 6134 4756 2714 9297 6315 8313 7563 6875 9237 6131 433 2456 7399 
26 7245 816 626 7115 8851 3385 9042 9627 7374 4241 7473 8677 7000 5124 1920 7340 6721 5931 7254 1274 2638 6713 1010 3404 2620 582 
33 5266 3265 8504 62 3479 1784 3427 3341 5369 4588 9885 3648 7664 6188 5550 5024 1261 2893 9283 7881 1101 9142 8010 1857 7128 8802 4369 4360 8100 3906 764 7315 6065 
26 9151 6021 3632 9695 446 4480 3524 663 9548 9545 7188 2724 3778 8015 3828 6502 2032 2979 5011 4265 8648 6222 196 2706 587 4300 
30 4071 3682 2755 7109 6677 5086 5144 1794 9831 7375 2608 8463 8076 3544 9798 8588 3069 6606 2068 2534 1482 920 2821 2806 4208 4790 8830 6442 1533 4037 
23 3160 6493 1053 4677 3091 7960 5700 5879 8435 4601 4779 6692 9344 9666 4072 1567 1617 6592 7465 2865 7220 7772 1653 
20 5679 2335 6046 3951 2591 662 1427 7330 8231 7589 6044 3852 3915 2816 3688 8567 6002 6932 2902 2099 
33 8019 3707 35 4514 8737 8914 7483 9220 4306 6084 323 5659 9690 718 8861 5786 8095 6607 7248 4645 6494 8119 842 8827 8947 6555 2199 5300 808 8770 6303 2467 7066 
21 8141 9858 4338 4238 89 7065 9898 8330 4728 7958 4379 237 1701 2115 3493 5173 7281 7791 6153 7852 7187 
21 6570 5233 9251 676 504 7607 4307 7347 1692 1189 2735 3010 1452 2151 2060 505 6249 9896 9195 6605 4308 
31 5062 1417 1175 5896 1340 8553 1810 2415 4914 7990 3879 6272 6591 9325 6714 8210 5081 2492 5463 8403 9199 7599 129 9661 1486 3653 4775 7568 2494 3748 2980 
27 7418 3643 6102 6815 6844 9856 117 1310 1971 4272 1668 300 8931 6540 6106 5287 4103 1213 3539 4786 4441 3200 4463 149 3687 2885 7965 
27 8090 7249 9467 1258 4938 9835 7522 8245 6941 3812 1294 4199 2671 3389 5730 1616 8396 6058 6297 7198 9402 4155 7228 7074 2250 1714 4380 
28 7277 2351 9747 3264 1740 956 6393 1127 8700 4382 2114 4865 4879 774 6803 712 1086 6659 5677 2976 1958 3710 5215 5918 8270 8945 5284 7460 
28 9282 4751 2205 3005 5461 4560 3036 4304 9622 2794 305 3152 8597 1511 6466 7813 1265 7497 2160 2072 6887 6141 2627 788 6969 2406 9969 5211 
26 2635 1187 3775 7638 3323 8714 7957 289 6859 9314 9254 70 3819 2354 4218 7588 4351 604 8860 6204 6850 3588 7856 6028 6823 845 
11 4398 2381 5939 8234 7526 5957 9709 2118 9897 1026 3793 
36 2854 6897 7161 627 5102 3881 2298 8494 2832 1304 5490 5429 1419 4440 6997 8437 2389 3360 8414 1941 4086 5338 4971 4484 298 8388 7799 8174 3946 581 5633 3207 2041 1678 3913 8816 
32 1109 1734 5668 2892 6515 8877 4504 4101 1163 9750 8536 1303 8752 2576 6716 8140 3180 9424 3287 9140 1006 3738 725 4468 3426 8554 2505 7801 2895 3106 4767 6730 
24 2368 8644 9445 5610 1674 4975 7336 8578 9794 4149 9999 7628 2662 7780 9369 8079 2117 3848 2264 7166 4437 5054 9388 4832 
25 3815 5377 2391 9223 93 5587 4251 8040 472 3545 452 6228 5373 4488 6282 2997 6314 5362 3809 5792 8852 2978 2302 8768 5208 
19 1466 7297 7216 5324 8027 7721 7467 7915 4478 5757 4363 8055 5413 3290 6085 6352 6892 7274 1967 
38 2584 8267 9559 5826 3671 3851 8798 6793 2846 4641 1242 5793 7039 1723 1206 4100 1371 3635 9365 6078 9596 1640 5468 7398 5630 6333 562 2455 5452 372 7019 3727 7280 6308 1629 7854 4594 1289 
32 2822 3171 4181 5318 5683 6395 9936 5862 7670 1145 214 6621 1781 755 5498 1180 3736 3691 9652 695 7354 6086 5402 5805 2942 6633 4135 4419 6121 2678 6576 5193 
26 4891 1348 8530 1448 4636 4948 9961 3742 5282 4583 3646 2220 533 834 9779 5636 6589 7067 1534 4449 2824 3979 6320 5361 3870 2681 
21 1574 4260 4701 1407 2963 8273 2167 8807 6786 2593 4570 1732 8233 9676 1733 1775 5902 783 5372 3444 531 
30 2870 8724 5147 6687 1614 6790 1210 5860 2394 8417 2748 209 311 3465 5510 9232 1713 3605 2387 3499 4686 4899 5271 8664 8071 6066 9025 1119 6360 2059 
27 9211 4543 8434 8850 1670 3560 3299 4953 437 1477 3508 4383 2382 7663 7623 5379 9931 5646 6384 3413 1019 7094 749 2544 2267 6596 7417 
29 8232 9243 9336 1021 4279 291 5005 6551 9943 9186 5401 3388 5133 1680 9839 7275 6648 8843 8304 4763 5616 4041 9377 9766 4337 8353 6332 9995 2157 
34 4467 2563 7781 766 9568 5031 3932 2350 2555 4856 360 1962 3974 9334 2970 4177 247 5038 6759 2941 7098 4711 7169 543 9789 1686 3098 2261 1396 1361 4518 5618 2134 8805 
25 5552 7569 5965 8625 4976 7768 8256 1098 8147 199 1045 6238 5648 8867 5688 6760 1741 923 9144 1729 3789 5203 1455 5019 977 
31 3153 2442 16 6407 2841 309 5654 3049 8957 4722 7777 743 4079 110 9908 8222 2316 5108 3470 4125 6396 7994 5631 9726 992 3000 6071 1475 349 5286 3107 
32 1141 9696 7006 9130 9190 2049 784 4627 8756 8093 8292 6535 3908 8325 168 1349 5647 7906 4882 4335 2206 4838 2910 9911 5094 458 3523 942 2953 6161 4771 849 
33 5057 1568 6597 3119 7982 5207 6351 837 2433 2322 9324 1549 2788 2909 2030 8659 9179 9311 830 8847 4162 1931 5246 5321 2471 6455 5085 8708 9347 390 5780 8771 6133 
28 6885 8170 4481 1036 4151 229 6817 4454 4684 9812 2651 9127 9029 8967 9057 4693 5825 2521 8230 5421 7113 5872 5232 3527 9788 491 7008 5021 
25 586 9446 3519 8464 4227 4355 7629 8123 9363 4019 1459 6484 9217 4112 6802 1351 3253 7783 1696 2363 8716 6631 4884 8533 717 
23 7643 9612 3283 1309 1557 2808 67 4147 8661 3415 430 57 5804 3329 6527 9749 4991 8856 2361 767 9061 7197 1298 
26 4974 5336 1196 7173 2916 8507 9043 7104 1046 5727 9355 6492 5741 354 4143 4924 179 1296 9472 8905 6501 3713 8363 891 3719 5789 
41 6424 8184 8653 9117 8026 4769 1737 4694 7078 4153 7935 2946 9309 2004 9118 4813 3942 4120 4312 1382 7200 9323 7365 4305 524 5977 8817 9656 6855 5710 3838 1951 7991 7858 4840 1385 9422 9916 1540 2670 4866 
32 526 2332 1751 5116 2253 5829 4391 6868 7259 8285 9477 8572 2908 8349 4736 1873 5732 2324 254 4700 8972 4496 440 4618 2023 7170 6733 8635 3996 9886 1815 4254 
33 1572 1492 2793 5903 6150 9621 4144 721 9708 5912 4205 7111 1754 1069 8824 322 9833 858 3894 6398 588 4719 5267 2958 8408 7895 1669 3424 6838 2567 4699 5591 2254 
35 8315 7529 171 3669 3858 8646 6971 3711 550 2061 7024 7610 2986 2647 258 9 2546 3674 5978 4614 6807 2047 976 6043 935 9333 3626 8326 3577 9348 8084 7106 7435 5960 6094 
25 4052 7511 3919 8906 879 408 5901 1932 2674 5312 8458 6208 3747 2341 64 7357 9518 763 5891 4022 9181 7789 637 5991 1185 
35 6430 280 8590 6928 3844 952 6255 2519 5052 9272 1888 9415 9267 9308 911 9249 9222 924 4546 5067 169 8031 6877 6417 8367 8704 9541 3497 4242 5243 6899 3661 4224 5044 6090 
24 2446 4574 2795 144 1220 7703 5894 600 2632 8490 234 7615 5958 7510 7283 3916 2605 139 8195 8024 1473 836 8715 470 
26 4078 2330 8003 3172 7084 3009 8966 9874 6262 6452 8834 6686 9853 2707 3409 2290 299 5098 1582 9614 118 2503 6209 1997 8574 7899 
49 8220 3240 474 9248 6931 5934 3383 1772 9751 5423 1462 5 7572 576 8150 5119 5222 1837 3506 9689 5309 3631 7830 6178 3303 2342 1052 8926 6998 131 56 2543 9840 3572 1546 6569 5629 6201 7923 127 2616 9767 6404 8062 7697 2809 3554 8385 2423 
31 13 4122 271 4152 1795 8375 3854 6446 107 1194 3304 8493 7419 5322 3362 5480 5291 9072 8735 9449 8888 6548 1497 8818 3237 4666 1266 8559 4762 1295 3059 
26 5455 2864 7397 6459 931 682 8831 9406 4745 3882 7680 4110 3477 3786 2663 2173 7578 6853 5641 2081 4245 5143 765 4968 7204 6722 
29 8595 4724 9451 468 1317 2931 7753 3453 4295 387 3390 2204 8341 2372 4373 2411 2070 1480 9230 6019 5961 7263 6801 3022 7998 3706 9667 9099 3173 
29 4852 2163 3076 479 1275 2966 8681 3203 3520 4117 6230 4432 135 8215 1395 5694 4800 8155 6307 6894 1356 9834 1663 7224 2284 8929 9557 5491 4516 
30 5482 2191 40 8130 3811 1178 1521 1541 8793 1564 3548 8832 8938 6811 5122 6696 3886 7673 347 488 5722 9048 8202 983 859 7770 9642 6074 5418 1651 
32 2223 3756 5113 2512 961 3186 1055 1342 9107 926 9954 5821 5749 5175 6213 3584 412 777 4420 3061 7882 9011 9776 1366 959 3223 8456 9819 7287 4791 518 3071 
24 4466 810 429 7724 2293 6643 833 5501 9089 8505 7554 1948 2225 514 3319 6195 7956 3307 5709 4593 6339 9705 6667 120 
26 8946 6857 5345 9699 1631 9489 6244 5163 7163 2303 4031 7290 6772 5565 2419 5899 6487 2596 6957 4558 826 809 4959 9244 1891 7903 
33 389 6879 3656 2221 5010 2574 8645 3037 8262 3481 4691 2286 1233 3286 1952 7242 8713 86 6946 4299 8973 3550 9245 8881 6420 6579 5225 7647 5725 2703 4590 9358 8932 
26 2150 929 5008 7394 9797 9930 9286 9120 9362 8235 7784 1709 8769 954 4045 6166 4549 904 4596 3372 2515 4073 2025 5294 6533 1115 
34 2820 8546 9031 5910 9816 5224 6764 5570 3167 991 8889 2153 1128 9792 7973 7012 6170 7570 3162 4911 5572 3792 9102 5762 7182 9610 7933 1311 4222 8810 2779 4827 2634 9837 
23 9111 8415 9033 8584 4137 8620 9380 1089 1218 7305 4064 2120 8892 5441 2033 5341 6541 7868 6833 7746 2308 6377 5374 
24 1826 5112 3610 5671 2673 771 3420 5772 8398 1679 4785 1360 715 3494 9158 8534 3327 6035 7454 8998 9608 7705 501 6266 
39 8033 8502 275 7984 9635 5537 2399 1835 2570 7976 7625 7436 6658 173 6274 7993 6434 4689 8855 5118 9434 2944 1571 538 3408 326 8496 176 8452 1476 6700 4999 1685 5795 5849 4923 946 9941 9932 
27 4753 5467 8543 227 108 4327 8324 9772 1804 4799 7597 1118 2078 6999 3124 331 3849 2975 6110 9301 8836 37 3045 8845 415 1928 1773 
26 3256 3181 2930 4104 2536 1028 8025 332 8067 4374 914 9066 8133 2229 3276 8984 1463 3509 1501 4176 1900 3729 6960 2968 5851 2217 
27 6197 9246 8835 3598 4717 304 6985 7538 4040 7536 1228 5848 8804 9801 3017 3469 9948 3559 5158 8527 787 3936 5344 9927 4793 1106 8470 
34 9861 2698 3361 8733 5456 3266 4530 7087 1131 8958 9184 5784 6747 4385 7202 6572 1158 1168 9502 2826 3321 6594 2466 6505 2196 2210 1728 2094 1559 6587 4111 277 9204 3708 
24 4523 9814 6001 5865 2801 3225 174 888 619 9093 3313 5578 2050 9332 8350 264 3837 6281 9903 517 3959 9064 511 7234 
30 3660 6227 2202 9037 7695 2418 7752 850 3733 5522 456 4140 3431 384 6449 4919 1467 7276 2837 183 2695 762 1502 9509 4604 5444 9644 2079 754 9161 
23 1717 4107 7701 9279 2082 9902 1662 1409 7013 6698 1169 3571 8161 913 9132 3154 5599 2405 8043 6921 7726 7371 3810 
27 4115 9890 7229 7047 6402 8053 7016 2154 5053 739 3146 2949 6649 6685 6529 1332 3933 9684 8985 7520 5515 3607 7843 4708 4418 1864 8629 
27 2823 2090 5973 7331 7026 8193 6504 2912 4483 1636 9421 8295 7499 8497 7999 4847 5655 5927 9396 3282 668 4366 2398 6356 9748 4897 2901 
36 5454 8453 4494 23 9441 7871 9492 3339 5188 9599 5314 6318 9703 2897 9218 1933 5913 1144 4930 1744 6741 1673 6512 1903 2473 3976 5858 3093 3270 5305 6619 4346 1255 7422 3876 4915 
35 6812 3611 9104 8120 3064 8327 7543 3845 2279 2375 6389 1149 1730 4293 2887 6456 8801 1507 2549 9683 381 5464 1591 1201 4513 853 28 6834 4324 2529 6626 8443 2952 8194 9604 
26 5254 8607 4246 9200 7689 2876 9039 9735 8204 6966 2702 7504 7814 8163 8287 821 7977 2294 2063 8343 8018 9030 3421 7861 6663 7010 
37 395 436 5941 4214 9076 2701 8462 2868 1898 9854 431 9883 2552 6364 9910 5533 5404 9655 6684 9010 9261 5202 3400 5590 6079 803 8082 1656 8671 2449 7293 6370 5437 321 1350 8479 7886 
41 3187 7735 7855 5241 3417 7361 3348 674 5084 7765 2083 2230 9375 6862 3020 403 781 8142 639 4332 66 8982 1495 3231 9998 6469 3751 5807 9265 2102 4075 2694 5017 8777 4905 7246 1801 9829 6737 7270 4063 
23 9742 2954 5151 6753 6816 308 5176 2281 4174 3535 2754 8107 7017 5518 9657 1031 6273 4510 4450 3859 1697 5551 2528 
22 9997 5160 1130 188 9236 5713 3573 356 2689 6795 4792 21 8780 7795 8087 5242 6739 2272 5165 3966 1184 6942 
22 820 330 2145 1597 5598 1239 1969 2710 4116 4892 9466 2682 5450 7112 4598 1719 6539 5697 1284 486 1762 5398 
27 5500 5555 4808 4436 8699 919 7661 9376 4941 4720 8813 8899 4376 7846 48 6438 1606 9674 5399 3754 500 1208 3309 894 8893 9164 9869 
20 8995 2244 5999 3757 3292 2053 5368 385 6652 5739 4577 7585 6083 8198 4499 4649 7634 6468 9938 8136 
25 7324 5041 9933 7723 5457 8783 2720 5259 7001 9844 231 3026 270 6048 1848 812 6939 2676 963 7486 113 4993 6293 8092 8307 
38 3590 2550 9992 6475 4099 5387 1049 4186 9665 9585 9133 1707 4083 8042 3191 8347 5249 2017 6486 5426 8707 7129 9174 4056 7083 279 8048 1388 3591 4409 1374 9112 426 1607 3403 5473 3531 2103 
27 2452 1191 3833 9584 5815 4442 4126 5990 164 9310 9491 1056 4090 866 2540 7853 5546 5790 2319 2628 6259 8863 2089 7461 2559 79 624 
20 3387 8366 687 3471 6168 6284 5433 2266 5512 7916 5090 4178 2852 5080 1102 9707 5884 5650 3289 2273 
32 6130 8545 7574 9942 910 1148 7191 432 2747 515 6162 1980 9919 4544 6585 5890 916 2014 5427 863 1894 3677 6350 8221 7437 6827 7550 7250 6679 8169 4270 1634 
28 3709 5955 8948 5532 1602 9737 1214 5766 1103 9935 6743 3047 5037 211 5272 8459 4876 7971 3658 3053 442 9353 573 6358 5161 7194 3436 2451 
36 5604 1425 9366 3278 9702 7986 1016 6123 3783 7240 902 5769 2538 5189 7036 569 6252 877 2666 7493 4213 5299 1221 9611 8086 5494 867 423 3374 8197 1446 5317 2075 3633 3159 7690 
23 1472 9288 82 703 8760 4533 8189 865 4402 8426 9299 3692 3067 9409 887 2356 1687 7445 3214 4683 2532 362 3143 
25 9543 3452 598 2037 2664 7931 5425 1693 2646 5311 8214 3434 5811 9809 1886 8319 8158 7181 1336 1426 1970 7595 6415 1522 7555 
31 1579 3832 596 7395 6250 2396 215 1132 6276 8857 8338 1710 1075 6558 4142 9496 4426 2437 7376 1834 8247 9285 9542 3734 4872 2487 1136 6390 2783 9958 3227 
21 558 9361 1430 2782 9395 6215 383 5438 9160 4925 6399 4918 7172 2181 1112 181 6136 7738 8061 7294 9212 
26 4904 2526 9899 629 8046 208 930 3336 3986 1166 1630 5442 259 4851 3073 7898 1073 4133 7506 1078 317 882 7214 2814 5269 7649 
35 493 804 9360 8356 2012 1964 1907 2106 91 7489 3182 6538 7091 2928 686 798 8448 7237 3705 7025 9207 3446 1667 9716 7307 3641 4010 9016 97 9226 9319 4462 5649 7100 937 
23 9191 1377 3640 5127 5263 2168 3412 1917 9461 643 7044 9876 386 255 2726 5663 6907 4297 1765 731 9293 9731 7593 
23 7678 2509 7059 7877 4985 9256 3889 6147 9668 7159 9758 9578 4816 1529 8252 8393 374 6499 3450 4412 4274 6650 5273 
39 4935 1925 8440 8177 9470 738 3703 8365 8873 5223 203 8089 7706 9952 8755 8591 6388 1358 6904 112 4475 4451 5179 4781 6514 4234 7913 1362 1372 6981 5686 8515 3649 253 7677 8272 3038 5836 9510 
31 3042 9522 232 3871 4809 8000 8840 465 6233 9973 8224 6705 8808 4687 1182 8144 3310 8605 2463 7860 5270 7273 2684 370 3732 6070 3726 114 3578 9905 9881 
17 9371 68 7744 5763 9007 5367 1170 938 3004 5101 4961 9774 2789 1551 6480 8753 7134 
25 5777 9646 2228 7667 927 6574 54 2412 2465 1418 3220 2704 8560 4365 5617 2045 3252 6987 7269 4646 5864 7152 6654 4197 3758 
23 9392 7901 5460 9258 908 7719 841 7046 1688 7122 6590 2502 3136 6337 4240 9419 8023 6526 3142 3475 8397 7821 9335 
31 8450 1817 7337 4660 3350 2914 6681 1659 9549 4298 4566 7880 7392 5911 6708 4163 1866 4902 4538 595 2307 5431 7070 4770 6525 2773 7145 3221 1570 9602 8164 
25 7584 4966 9967 8726 8423 9808 4388 1259 9855 4906 3121 1029 1308 4340 3512 2327 2029 1087 4216 3750 217 5809 7951 2123 6413 
31 5014 3235 1293 4788 3297 6752 4950 1821 3724 8182 392 8617 5411 6665 4180 2973 8378 2187 3418 7236 3068 1240 4863 1008 1153 3947 3062 9697 1738 6546 85 
18 1813 3210 7439 1442 3716 9593 8159 2020 2878 1262 2981 6451 6653 5484 7141 9641 165 827 
30 3883 7186 534 9166 3899 1675 1025 4933 4898 4582 4565 5803 7072 568 8288 9626 2723 6736 6949 8662 5979 8091 5575 6260 8823 9865 6184 8986 6632 5107 
23 6808 688 1312 3534 7329 5134 9966 6237 4739 1760 1373 8746 1542 5159 3229 710 3961 6880 5576 8157 7301 9450 4600 
20 3155 6319 7448 1976 8691 6187 376 8475 3343 4438 7210 7975 9706 1116 1129 6040 4746 6366 8117 9563 
22 207 2263 3322 3455 610 43 6309 8741 2728 7432 1934 6829 9411 9595 2888 3371 3822 4016 7372 3617 7034 1716 
32 3183 4049 6980 9791 7552 8841 3762 8260 7802 3392 2610 8821 2998 7692 623 6376 6758 3824 4742 5078 2035 2575 4342 6248 7332 6059 8376 8895 3668 6271 4956 7021 
27 746 554 8969 4311 2774 7847 3379 9281 6893 7355 4819 5199 2425 4357 875 4405 7051 7446 7548 6662 1277 7052 9170 9778 3057 5216 9914 
32 78 5097 2135 979 5228 257 9970 7776 6672 5834 3456 6951 909 1314 1771 7099 4424 6726 5541 3204 2379 2344 988 3861 9623 1005 1347 2257 2067 1327 1345 3006 
23 3123 8657 8710 6416 8884 3847 5742 7927 3100 4370 6225 4713 9196 9783 5920 4932 8101 9550 4210 4362 3948 9962 3467 
27 4182 1387 3316 350 2906 9640 8910 5508 9771 5000 1742 7919 2560 3137 8200 8996 4059 4893 5389 5986 9901 2366 485 2985 9015 5204 6835 
27 5831 2766 523 9743 2018 8911 5760 6473 2071 9976 8573 3127 1126 6129 2903 4862 4656 3890 4704 1743 2598 3428 4464 9101 6972 3962 5774 
26 1587 4634 4803 9175 8074 3391 2358 9963 1133 4264 8689 7484 4665 8623 4401 1867 1292 8599 6940 2087 7003 4846 5319 9364 843 6524 
29 3039 4801 4773 4034 8162 9625 9149 8206 1423 868 4127 2325 5289 9303 7150 1858 2929 5750 9946 4429 9137 9722 7512 7754 441 889 1975 3663 7938 
21 4065 7494 1113 6482 5171 7468 6711 5366 7472 4497 7443 3488 3926 274 5982 7750 7733 6905 5150 3880 7041 
33 7883 854 8919 8613 338 9719 2745 2313 6312 1326 3086 1431 7816 345 3464 6060 2413 3983 2869 982 9570 9169 5385 2974 3012 4233 7137 2498 378 3816 5432 8774 1793 
31 7822 8566 9669 6283 3536 4018 4314 2136 3604 9187 7157 989 7035 5409 492 4555 8310 5458 672 3965 1432 9206 4651 7498 857 9978 1626 5667 7348 1635 4347 
43 1179 482 4766 7358 5349 5351 939 4048 7316 7671 9818 2373 38 4168 6224 4136 2923 4658 1490 6026 3175 475 5443 6362 9214 8758 1013 6326 6288 4359 260 2655 5316 1527 7972 8672 1947 9586 7002 3305 3422 7641 9600 
27 8099 2607 6265 4239 2469 9817 1390 8478 5556 1167 1253 4562 6924 6724 5602 9026 9682 8065 6848 9569 8556 1227 1601 5609 8151 9802 1637 
28 8078 1712 5917 2715 4957 3744 8848 1402 3284 9845 5994 7130 7075 6629 414 248 3737 508 1901 5745 7530 5250 7659 9032 4571 6745 2311 6513 
31 3060 6245 9131 288 53 3340 51 9720 4818 5962 1905 2939 9560 3596 478 2026 8300 5047 7507 2880 4755 7665 9134 9080 3840 4345 4235 4364 5644 3952 722 
24 6096 724 8961 9632 4455 3623 593 6049 9051 7077 580 5006 367 7391 2926 8749 9535 7731 9463 5375 696 6561 7774 1648 
19 9888 9740 2496 8237 9292 1623 7573 19 3787 9275 9715 9945 6832 1393 8658 1655 6564 7718 7492 
22 6190 8121 2640 7400 3622 5720 7844 1830 6439 5827 1955 6394 348 1755 4013 3369 5481 4256 265 6537 9799 973 
26 138 8400 3866 4926 4716 5868 3118 190 4758 5168 5935 9733 2595 4888 5238 1094 751 30 2125 4752 3615 1803 5172 9866 5930 2582 
22 1641 8730 6785 9202 417 9385 9454 873 6520 6205 3780 7727 6354 4869 2548 5820 6611 7221 9679 4532 617 7123 
34 3766 4802 1429 2236 3332 473 3741 8517 111 6472 7415 4124 1526 6586 3606 8020 7962 9823 2798 7834 8425 2113 9085 6691 6132 6219 2461 8706 6317 4702 6269 5953 7936 9895 
24 7995 7611 2578 3557 6554 6304 5125 800 2161 1085 3629 32 5040 8420 7684 2192 8767 7905 5776 1337 1428 3120 5507 4502 
20 4141 5326 3929 8663 7953 6742 7514 4522 7218 4118 6039 6101 296 2545 7192 7223 8978 870 6264 8694 
41 9141 7256 7343 665 7798 6973 2186 5883 2138 6128 975 6419 5748 8638 7580 5403 9562 2426 5699 4316 3721 3672 4207 7737 5252 5640 8800 4668 1077 6243 6536 9468 3521 4319 6478 3219 6688 516 1288 9573 7004 
31 2378 4581 726 6970 1890 9484 8701 706 1677 9229 4394 7840 4290 7766 5488 3271 693 8999 2420 136 8173 6342 9374 5589 2095 6717 6783 5471 8891 5489 1991 
35 9014 7382 9718 1956 1531 6754 6032 7151 8820 1165 5022 2918 402 1440 8718 3489 9986 4465 7693 4263 8668 872 2116 7018 3301 8271 8997 8869 9125 4528 8853 852 3958 1315 519 
21 5260 3492 1247 2649 5185 3139 7144 8111 789 6693 7838 4179 4425 9464 7556 4727 6270 9225 7926 9968 9784 
12 602 476 3765 5157 6919 6719 4074 4748 2615 8762 9295 5029 
29 570 1599 8870 7060 6983 1505 6000 4718 7203 1547 9078 9067 5192 8610 6146 6617 4321 9316 1155 3977 6239 8647 1583 8782 1820 1079 9645 2587 1868 
38 1048 94 9538 7222 9913 3972 3333 9804 6922 8549 6242 2468 4969 9892 7503 8907 8734 1489 9278 9694 2428 5220 1171 9312 635 884 241 1246 4653 8729 5715 8962 2991 8203 9253 3015 4561 3868 
33 6392 6330 7205 4057 5886 8586 2472 9150 2201 7952 4183 1243 8328 4134 200 1897 8652 5350 3502 1936 7167 9659 3891 1845 2639 9337 8 3365 1375 7788 3993 9505 936 
30 7833 5383 8447 4217 1422 8471 2450 5639 4003 8680 2132 5847 7532 2165 6544 6483 2006 1819 9852 4129 6343 4389 7139 2796 1580 4381 9863 7107 341 496 
32 3448 5129 7890 7867 8526 2642 4231 5446 2040 76 8844 6948 6646 1829 3034 1114 4750 4780 285 967 495 4982 8361 9373 1107 9605 1331 7542 7804 8640 7654 7688 
22 7849 1365 1816 7309 6635 7384 130 6374 4476 7980 1787 2531 2950 8094 9077 7547 2074 640 9476 3328 3522 3030 
29 1134 5262 7539 8063 6348 9165 4302 3745 8528 4413 6630 8593 8939 1544 8787 9616 2278 407 1224 1291 829 1561 9926 4445 1859 8520 7970 940 9723 
